SCJ 1
Function call VAP_INT.interpreter :
The maximum number of program statements
per interpreter call has been exceeded.
The program might contain an endless loop!

current statement:
	sg_red (2)

cycle second 1, simulation second 1, active:
Stage_1 (sec. 1)
+++++++++++++++++++++++++++++++++++++++++++++++++++++++++++++++++

Function call VAP_INT.interpreter :
The maximum number of program statements
per interpreter call has been exceeded.
The program might contain an endless loop!

current statement:
	sg_red (2)

cycle second 2, simulation second 2, active:
Stage_1 (sec. 2)
+++++++++++++++++++++++++++++++++++++++++++++++++++++++++++++++++

Function call VAP_INT.interpreter :
The maximum number of program statements
per interpreter call has been exceeded.
The program might contain an endless loop!

current statement:
	sg_red (2)

cycle second 3, simulation second 3, active:
Stage_1 (sec. 3)
+++++++++++++++++++++++++++++++++++++++++++++++++++++++++++++++++

Function call VAP_INT.interpreter :
The maximum number of program statements
per interpreter call has been exceeded.
The program might contain an endless loop!

current statement:
	sg_red (2)

cycle second 4, simulation second 4, active:
Stage_1 (sec. 4)
+++++++++++++++++++++++++++++++++++++++++++++++++++++++++++++++++

Function call VAP_INT.interpreter :
The maximum number of program statements
per interpreter call has been exceeded.
The program might contain an endless loop!

current statement:
	sg_red (2)

cycle second 5, simulation second 5, active:
Stage_1 (sec. 5)
+++++++++++++++++++++++++++++++++++++++++++++++++++++++++++++++++

Function call VAP_INT.interpreter :
The maximum number of program statements
per interpreter call has been exceeded.
The program might contain an endless loop!

current statement:
	sg_red (2)

cycle second 6, simulation second 6, active:
Stage_1 (sec. 6)
+++++++++++++++++++++++++++++++++++++++++++++++++++++++++++++++++

Function call VAP_INT.interpreter :
The maximum number of program statements
per interpreter call has been exceeded.
The program might contain an endless loop!

current statement:
	sg_red (2)

cycle second 7, simulation second 7, active:
Stage_1 (sec. 7)
+++++++++++++++++++++++++++++++++++++++++++++++++++++++++++++++++

Function call VAP_INT.interpreter :
The maximum number of program statements
per interpreter call has been exceeded.
The program might contain an endless loop!

current statement:
	sg_red (2)

cycle second 8, simulation second 8, active:
Stage_1 (sec. 8)
+++++++++++++++++++++++++++++++++++++++++++++++++++++++++++++++++

Function call VAP_INT.interpreter :
The maximum number of program statements
per interpreter call has been exceeded.
The program might contain an endless loop!

current statement:
	sg_red (2)

cycle second 9, simulation second 9, active:
Stage_1 (sec. 9)
+++++++++++++++++++++++++++++++++++++++++++++++++++++++++++++++++

Function call VAP_INT.interpreter :
The maximum number of program statements
per interpreter call has been exceeded.
The program might contain an endless loop!

current statement:
	sg_red (2)

cycle second 1, simulation second 81, active:
Stage_1 (sec. 81)
+++++++++++++++++++++++++++++++++++++++++++++++++++++++++++++++++

Function call VAP_INT.interpreter :
The maximum number of program statements
per interpreter call has been exceeded.
The program might contain an endless loop!

current statement:
	sg_red (2)

cycle second 2, simulation second 82, active:
Stage_1 (sec. 82)
+++++++++++++++++++++++++++++++++++++++++++++++++++++++++++++++++

Function call VAP_INT.interpreter :
The maximum number of program statements
per interpreter call has been exceeded.
The program might contain an endless loop!

current statement:
	sg_red (2)

cycle second 3, simulation second 83, active:
Stage_1 (sec. 83)
+++++++++++++++++++++++++++++++++++++++++++++++++++++++++++++++++

Function call VAP_INT.interpreter :
The maximum number of program statements
per interpreter call has been exceeded.
The program might contain an endless loop!

current statement:
	sg_red (2)

cycle second 4, simulation second 84, active:
Stage_1 (sec. 84)
+++++++++++++++++++++++++++++++++++++++++++++++++++++++++++++++++

Function call VAP_INT.interpreter :
The maximum number of program statements
per interpreter call has been exceeded.
The program might contain an endless loop!

current statement:
	sg_red (2)

cycle second 5, simulation second 85, active:
Stage_1 (sec. 85)
+++++++++++++++++++++++++++++++++++++++++++++++++++++++++++++++++

Function call VAP_INT.interpreter :
The maximum number of program statements
per interpreter call has been exceeded.
The program might contain an endless loop!

current statement:
	sg_red (2)

cycle second 6, simulation second 86, active:
Stage_1 (sec. 86)
+++++++++++++++++++++++++++++++++++++++++++++++++++++++++++++++++

Function call VAP_INT.interpreter :
The maximum number of program statements
per interpreter call has been exceeded.
The program might contain an endless loop!

current statement:
	sg_red (2)

cycle second 7, simulation second 87, active:
Stage_1 (sec. 87)
+++++++++++++++++++++++++++++++++++++++++++++++++++++++++++++++++

Function call VAP_INT.interpreter :
The maximum number of program statements
per interpreter call has been exceeded.
The program might contain an endless loop!

current statement:
	sg_red (2)

cycle second 8, simulation second 88, active:
Stage_1 (sec. 88)
+++++++++++++++++++++++++++++++++++++++++++++++++++++++++++++++++

Function call VAP_INT.interpreter :
The maximum number of program statements
per interpreter call has been exceeded.
The program might contain an endless loop!

current statement:
	sg_red (2)

cycle second 9, simulation second 89, active:
Stage_1 (sec. 89)
+++++++++++++++++++++++++++++++++++++++++++++++++++++++++++++++++

