1                                                          T R A N S Y T
                                                           ~~~~~~~~~~~~~
                                                     TRAffic Network StudY Tool
 
 
 (C) COPYRIGHT 1996,2001 - TRL Limited, Crowthorne, Berkshire, RG45 6AU, UK
0Implementation for IBM-PC or compatible
0Program TRANSYT 11, Analysis Program Version 1.3
0Run with file:- "RING3_3E.DAT"   at 14:49   on 10/12/01
0Ring 3 - 3f
 
 
 
  PARAMETERS CONTROLLING DIMENSIONS OF PROBLEM :
  ~~~~~~~~~~~~~~~~~~~~~~~~~~~~~~~~~~~~~~~~~~~~~~
 
  NUMBER OF NODES                    =    3
  NUMBER OF LINKS                    =   25
  NUMBER OF OPTIMISED NODES          =    3
  MAXIMUM NUMBER OF GRAPHIC PLOTS    =    0
  NUMBER OF STEPS IN CYCLE           =   40
  MAXIMUM NUMBER OF SHARED STOPLINES =    0
  MAXIMUM NUMBER OF TIMING POINTS    =    3
  MAXIMUM LINKS AT ANY NODE          =   11
 
 
  CORE REQUESTED =   5802 WORDS
  CORE AVAILABLE =  72000 WORDS
.
0          DATA INPUT :-
           ~~~~ ~~~~~
0CARD   CARD
  NO.   TYPE
 (  1)= TITLE:- Ring 3 - 3f
0CARD   CARD   CYCLE  NO. OF   TIME EFFECTIVE-GREEN  EQUISAT 0=UNEQUAL FLOW   CRUISE-SPEEDS   OPTIMISE  EXTRA  HILL-   DELAY   STOP
  NO.   TYPE   TIME    STEPS  PERIOD DISPLACEMENTS  SETTINGS  CYCLE   SCALE   SCALE  CARD32   0=NONE   COPIES  CLIMB   VALUE   VALUE
                        PER   1-1200  START    END     0=NO  1=EQUAL  10-200  50-200 0=TIMES  1=O/SET   FINAL  OUTPUT  P PER   P PER
               (SEC)   CYCLE   MINS.  (SEC)   (SEC)    1=YES  CYCLE      %       %   1=SPEEDS 2=FULL   OUTPUT  1=FULL  PCU-H    100
   2)=   1      90      40      60       2       3       0       0       0       0       1       2       0       0      36      20
0CARD   CARD                                      LIST  OF  NODES  TO  BE  OPTIMISED
  NO.   TYPE
   3)=   2      10      11      12       0       0       0       0       0       0       0       0       0       0       0       0
0                                  NODE  CARDS:   STAGE  CHANGE  TIMES  AND  MINIMUM  STAGE  TIMES
 CARD   CARD   NODE        STAGE 1         STAGE 2         STAGE 3         STAGE 4         STAGE 5         STAGE 6         STAGE 7
  NO.   TYPE    NO.   CHANGE    MIN   CHANGE    MIN   CHANGE    MIN   CHANGE    MIN   CHANGE    MIN   CHANGE    MIN   CHANGE    MIN
   4)=  13      10      68      28      18      15      34      25       0       0       0       0       0       0       0       0
   5)=  12      11      52      20      30      19       0       0       0       0       0       0       0       0       0       0
   6)=  13      12      15      20      57      10      69      20       0       0       0       0       0       0       0       0
0                                                    LINK CARDS:   GIVEWAY DATA
                     PRIORITY LINKS   LINK1 GIVEWAY COEFFS.
 CARD   CARD   LINK    LINK1   LINK2    ONLY     A1      A2                                    LINK    STOP     MAX   DELAY  DISPSN
 NO.   TYPE    NO.      NO.     NO.  % FLOW    X100    X100                                  LENGTH WT.X100   FLOW  WT.X100    X100
   7)=  30    1035    1011    1013       0      22      19       0       0       0       0    1240       0    1600       0       0
   8)=  30    1135    1111       0       0      22      19       0       0       0       0     230       0    1600       0       0
   9)=  30    1215    1231    1233       0      22      19       0       0       0       0     830       0    1602       0       0
  10)=  30    1225    1241    1243       0      22      19       0       0       0       0     200       0    1600       0       0
  11)=  30    1235    1211    1213       0      22      19       0       0       0       0     720       0    1600       0       0
  12)=  30    1245    1221       0       0      22      19       0       0       0       0     200       0    1600       0       0
0                                                    LINK  CARDS:   FIXED  DATA
                                        FIRST   GREEN                   SECOND  GREEN
 CARD   CARD   LINK     EXIT        START            END            START            END       LINK    STOP     SAT   DELAY   DISPSN
  NO.   TYPE    NO.     NODE    STAGE    LAG    STAGE    LAG    STAGE    LAG    STAGE    LAG  LENGTH  WT.X100  FLOW  WT.X100    X100
  13)=  31    1011      10       1       7       2       1       0       0       0       0     230       0    4500       0       0
  14)=  31    1013      10       1       7       3       2       0       0       0       0     230       0    1600       0       0
  15)=  31    1021      10       3      12       1       2       0       0       0       0     200       0    4500       0       0
  16)=  31    1023      10       3      12       1       0       0       0       0       0     200       0    1600       0       0
  17)=  31    1025      10       2       8       3       2       0       0       0       0     200       0    2000       0       0
  18)=  31    1031      10       1       7       2       0       0       0       0       0    1240       0    4200       0       0
  19)=  31    1033      10       1       7       3       8       0       0       0       0    1240       0    1600       0       0
  20)=  31    1035      10       1       7       2       5       0       0       0       0    1240       0    2000       0       0
  21)=  31    1041      10       3       6       1       7       0       0       0       0     200       0    4500       0       0
  22)=  31    1045      10       2       8       3       5       0       0       0       0     200       0    4000       0       0
  23)=  31    1111      11       1       8       2       0       0       0       0       0     720       0    4000       0       0
  24)=  31    1121      11       2       7       1       0       0       0       0       0     200       0    2000       0       0
  25)=  31    1131      11       1       8       2       0       0       0       0       0     230       0    4000       0       0
  26)=  31    1135      11       1       8       2       0       0       0       0       0     230       0    1601       0       0
  27)=  31    1211      12       1      10       3       0       0       0       0       0     830       0    4200       0       0
  28)=  31    1213      12       1      10       3       0       0       0       0       0     830       0    1600       0       0
  29)=  31    1215      12       1      10       3       0       0       0       0       0     830       0    1602       0       0
  30)=  31    1221      12       3       8       1       0       0       0       0       0     200       0    2000       0       0
  31)=  31    1225      12       3       8       1       0       0       0       0       0     200       0    1601       0       0
  32)=  31    1231      12       1      10       2       0       0       0       0       0     720       0    4000       0       0
  33)=  31    1233      12       1      10       2       0       0       0       0       0     720       0    1600       0       0
  34)=  31    1235      12       1      10       2       0       0       0       0       0     720       0    1601       0       0
  35)=  31    1241      12       3       8       1       0       0       0       0       0     200       0    2000       0       0
  36)=  31    1243      12       2       6       1       0       0       0       0       0     200       0    1600       0       0
  37)=  31    1245      12       3       8       1       5       0       0       0       0     200       0    2000       0       0
0                                                    LINK CARDS:    FLOW DATA
                                       ENTRY 1 ............    ENTRY 2 ............    ENTRY 3 ............    ENTRY 4 ............
 CARD   CARD   LINK   TOTAL  UNIFORM   LINK          CRUISE    LINK          CRUISE    LINK          CRUISE    LINK          CRUISE
  NO.   TYPE    NO.    FLOW    FLOW     NO.    FLOW   SPEED     NO.    FLOW   SPEED     NO.    FLOW   SPEED     NO.    FLOW   SPEED
  38)=  32    1011    1380       0    1111    1500      70    1121      10      61       0       0       0       0       0       0
  39)=  32    1013     680       0    1111     700      70       0       0       0       0       0       0       0       0       0
  40)=  32    1021    1370       0       0       0      50       0       0       0       0       0       0       0       0       0
  41)=  32    1023     160       0       0       0      50       0       0       0       0       0       0       0       0       0
  42)=  32    1025     260       0       0       0      50       0       0       0       0       0       0       0       0       0
  43)=  32    1031    1240       0       0       0      70       0       0       0       0       0       0       0       0       0
  44)=  32    1033     860       0       0       0      70       0       0       0       0       0       0       0       0       0
  45)=  32    1035     180       0       0       0      70       0       0       0       0       0       0       0       0       0
  46)=  32    1041    2020       0       0       0      50       0       0       0       0       0       0       0       0       0
  47)=  32    1045     670       0       0       0      50       0       0       0       0       0       0       0       0       0
  48)=  32    1111    2300       0    1211    1900      70    1221      50      61    1245     450      61       0       0       0
  49)=  32    1121     110       0       0       0      50       0       0       0       0       0       0       0       0       0
  50)=  32    1131    1450       0    1031    1200      70    1025     250      61       0       0       0       0       0       0
  51)=  32    1135      50       0    1031      50      70    1025      10      61       0       0       0       0       0       0
  52)=  32    1211    1980       0       0       0      70       0       0       0       0       0       0       0       0       0
  53)=  32    1213     140       0       0       0      70       0       0       0       0       0       0       0       0       0
  54)=  32    1215     320       0       0       0      70       0       0       0       0       0       0       0       0       0
  55)=  32    1221     190       0       0       0      50       0       0       0       0       0       0       0       0       0
  56)=  32    1225      60       0       0       0      50       0       0       0       0       0       0       0       0       0
  57)=  32    1231    1400       0    1131    1300      70    1121     100      61       0       0       0       0       0       0
  58)=  32    1233      60       0    1131      50      70       0       0       0       0       0       0       0       0       0
  59)=  32    1235     100       0    1131     100      70       0       0       0       0       0       0       0       0       0
  60)=  32    1241     160       0       0       0      50       0       0       0       0       0       0       0       0       0
  61)=  32    1243     510       0       0       0      50       0       0       0       0       0       0       0       0       0
  62)=  32    1245     470       0       0       0      50       0       0       0       0       0       0       0       0       0
0                                                               FUEL CARD
                    CRUISE CONSTANTS   DELAY    STOP
                   A       B       C   CONST.  CONST.
 ( 63)=   37     145    -375     405     115     635       0       0       0       0       0       0       0       0       0       0
0*****END OF SUBROUTINE TINPUT*****
.
0     90 SECOND CYCLE  40 STEPS
0INITIAL SETTINGS
  - (SECONDS)
0  NODE   NUMBER   STAGE   STAGE   STAGE   STAGE   STAGE  STAGE   STAGE
    NO   OF STAGES   1       2       3       4       5       6       7
 
    10       3      68      18      34
    11       2      52      30
    12       3      15      57      69
0 LINK    FLOW   SAT   DEGREE  MEAN TIMES  -------DELAY--------   ----STOPS----   ----QUEUE----  PERFORMANCE   EXIT   GREEN TIMES
 NUMBER   INTO   FLOW    OF     PER PCU    UNIFORM RANDOM+ COST    MEAN   COST    MEAN             INDEX.      NODE   START  START
          LINK          SAT    CRUISE              OVERSAT  OF    STOPS    OF     MAX.  AVERAGE  WEIGHTED SUM            END     END
                                    DELAY  (U+R+O=MEAN Q) DELAY    /PCU   STOPS          EXCESS  OF ( ) VALUES         1ST     2ND
        (PCU/H) (PCU/H)  (%)  (SEC) (SEC)    (PCU-H/H)    ($/H)    (%)    ($/H)    (PCU)  (PCU)     ($/H)               (SECONDS)
 
  1011    1381   4500     79    12    21    6.1 +  1.9  (  2.9)     62  (  4.5)      25                7.4     10     75  19
  1013     681   1600     74    12    10    0.4 +  1.4  (  0.7)     29  (  1.0)       7                1.7     10     75  36
  1021    1370   4500    110    14   207   13.4 + 65.2  ( 28.3)    213  (  7.8)     101     +         36.1     10     46  70
  1023     160   1600     39    14    35    1.2 +  0.3  (  0.6)     86  (  0.4)       4                0.9     10     46  68
  1025     260   2000    106    14   221    3.1 + 12.8  (  5.7)    219  (  1.5)      19                7.3     10     26  36
  1031    1240   4200     78    64    30    8.5 +  1.8  (  3.7)     89  (  5.8)      29                9.5     10     75  18
  1033     860   1600     83    64    23    2.9 +  2.4  (  1.9)     80  (  3.6)      19                5.5     10     75  42
  1035     180   2000     64    64    43    1.3 +  0.9  (  0.8)    102  (  1.0)       5                1.7     10     75  23
  1041    2020   4500    112    14   234   17.1 +114.4  ( 47.3)    224  ( 12.1)     168     +         59.5     10     40  75
  1045     670   4000    108    14   201    7.8 + 29.6  ( 13.5)    209  (  3.8)      46               17.2     10     26  39
  1111    2301   4000     85    38    12    5.1 +  2.8  (  2.8)     81  (  9.8)      55               12.6     11     60  30
  1121     110   2000     31    14    39    1.0 +  0.2  (  0.4)     92  (  0.3)       3                0.7     11     37  52
  1131    1435<  4000     53    12     5    1.3 +  0.6  (  0.7)     19  (  1.5)       7                2.1     11     60  30
  1135      50   1601      9    12     6    0.0 +  0.0  (  0.0)     20  (  0.1)       0                0.1     11     60  30
  1211    1980   4200     94    43    35   11.7 +  7.3  (  6.9)    102  ( 10.6)      53               17.4     12     25  69
  1213     140   1600     18    43    15    0.5 +  0.1  (  0.2)     53  (  0.4)       2                0.6     12     25  69
  1215     320   1602     66    43    32    1.8 +  1.0  (  1.0)     93  (  1.6)       8                2.6     12     25  69
  1221     190   2000     29    14    27    1.2 +  0.2  (  0.5)     74  (  0.4)       4                0.9     12     77  15
  1225      60   1601     14    14    27    0.4 +  0.1  (  0.2)     75  (  0.1)       1                0.3     12     77  15
  1231    1386<  4000     95    37    37    6.8 +  7.3  (  5.1)     92  (  6.8)      38               11.9     12     25  57
  1233      60   1600     10    37    16    0.2 +  0.1  (  0.1)     39  (  0.1)       1                0.2     12     25  57
  1235      98   1601     43    37    27    0.4 +  0.4  (  0.3)     54  (  0.3)       1                0.6     12     25  57
  1241     160   2000     25    14    26    1.0 +  0.2  (  0.4)     74  (  0.3)       3                0.7     12     77  15
  1243     510   1600     67    14    25    2.6 +  1.0  (  1.3)     79  (  1.1)      11                2.4     12     63  15
  1245     470   2000     80    14    41    3.4 +  2.0  (  1.9)    102  (  1.3)      12                3.2     12     77  20
0  TOTAL          TOTAL       MEAN         TOTAL    TOTAL    TOTAL       TOTAL        PENALTY       TOTAL
  DISTANCE         TIME    JOURNEY       UNIFORM   RANDOM+    COST        COST          FOR       PERFORMANCE
 TRAVELLED        SPENT      SPEED         DELAY   OVERSAT     OF          OF          EXCESS       INDEX
                                                    DELAY    DELAY       STOPS         QUEUES
 (PCU-KM/H)     (PCU-H/H)    (KM/H)     (PCU-H/H)(PCU-H/H)   ($/H)       ($/H)         ($/H)        ($/H)
0  9646.4         498.8       19.3         99.3    253.9    ( 127.1) + (   75.9)  +  (   0.0)   =     203.1      TOTALS
0************************************************************************************************************************************
0                                  CRUISE               DELAY               STOPS              TOTALS
                               LITRES PER HOUR     LITRES PER HOUR     LITRES PER HOUR     LITRES PER HOUR
0FUEL CONSUMPTION PREDICTIONS       754.3         +     406.1         +     449.7         =    1610.2
0
 NO. OF ENTRIES TO SUBPT  =    1
 NO. OF LINKS RECALCULATED=   25
.
0     90 SECOND CYCLE  40 STEPS
0INTERMEDIATE SETTINGS - INCREMENTS SO FAR :-   13
  - (SECONDS)
 
    10       3      68      18      34
    11       2      39      17
    12       3      15      57      69
0  TOTAL          TOTAL       MEAN         TOTAL    TOTAL    TOTAL       TOTAL        PENALTY       TOTAL
  DISTANCE         TIME    JOURNEY       UNIFORM   RANDOM+    COST        COST          FOR       PERFORMANCE
 TRAVELLED        SPENT      SPEED         DELAY   OVERSAT     OF          OF          EXCESS       INDEX
                                                    DELAY    DELAY       STOPS         QUEUES
 (PCU-KM/H)     (PCU-H/H)    (KM/H)     (PCU-H/H)(PCU-H/H)   ($/H)       ($/H)         ($/H)        ($/H)
0  9646.4         498.8       19.3         99.1    254.0    ( 127.1) + (   74.2)  +  (   0.0)   =     201.3      TOTALS
0
 NO. OF ENTRIES TO SUBPT  =    8
 NO. OF LINKS RECALCULATED=  119
.
0     90 SECOND CYCLE  40 STEPS
0INTERMEDIATE SETTINGS - INCREMENTS SO FAR :-   13  36
  - (SECONDS)
 
    10       3      68      18      34
    11       2      39      17
    12       3      15      57      69
0  TOTAL          TOTAL       MEAN         TOTAL    TOTAL    TOTAL       TOTAL        PENALTY       TOTAL
  DISTANCE         TIME    JOURNEY       UNIFORM   RANDOM+    COST        COST          FOR       PERFORMANCE
 TRAVELLED        SPENT      SPEED         DELAY   OVERSAT     OF          OF          EXCESS       INDEX
                                                    DELAY    DELAY       STOPS         QUEUES
 (PCU-KM/H)     (PCU-H/H)    (KM/H)     (PCU-H/H)(PCU-H/H)   ($/H)       ($/H)         ($/H)        ($/H)
0  9646.4         498.8       19.3         99.1    254.0    ( 127.1) + (   74.2)  +  (   0.0)   =     201.3      TOTALS
0
 NO. OF ENTRIES TO SUBPT  =    7
 NO. OF LINKS RECALCULATED=  112
.
0     90 SECOND CYCLE  40 STEPS
0INTERMEDIATE SETTINGS - INCREMENTS SO FAR :-   13  36  -1
  - (SECONDS)
 
    10       3      73      17      34
    11       2      37      17
    12       3      10      58      69
0  TOTAL          TOTAL       MEAN         TOTAL    TOTAL    TOTAL       TOTAL        PENALTY       TOTAL
  DISTANCE         TIME    JOURNEY       UNIFORM   RANDOM+    COST        COST          FOR       PERFORMANCE
 TRAVELLED        SPENT      SPEED         DELAY   OVERSAT     OF          OF          EXCESS       INDEX
                                                    DELAY    DELAY       STOPS         QUEUES
 (PCU-KM/H)     (PCU-H/H)    (KM/H)     (PCU-H/H)(PCU-H/H)   ($/H)       ($/H)         ($/H)        ($/H)
0  9646.4         333.3       28.9         98.8     88.8    (  67.5) + (   69.0)  +  (   0.0)   =     136.5      TOTALS
0
 NO. OF ENTRIES TO SUBPT  =   24
 NO. OF LINKS RECALCULATED=  326
.
0     90 SECOND CYCLE  40 STEPS
0INTERMEDIATE SETTINGS - INCREMENTS SO FAR :-   13  36  -1  13
  - (SECONDS)
 
    10       3      60       4      21
    11       2      37      17
    12       3      10      58      69
0  TOTAL          TOTAL       MEAN         TOTAL    TOTAL    TOTAL       TOTAL        PENALTY       TOTAL
  DISTANCE         TIME    JOURNEY       UNIFORM   RANDOM+    COST        COST          FOR       PERFORMANCE
 TRAVELLED        SPENT      SPEED         DELAY   OVERSAT     OF          OF          EXCESS       INDEX
                                                    DELAY    DELAY       STOPS         QUEUES
 (PCU-KM/H)     (PCU-H/H)    (KM/H)     (PCU-H/H)(PCU-H/H)   ($/H)       ($/H)         ($/H)        ($/H)
0  9646.4         326.5       29.5         92.5     88.3    (  65.1) + (   64.3)  +  (   0.0)   =     129.4      TOTALS
0
 NO. OF ENTRIES TO SUBPT  =    8
 NO. OF LINKS RECALCULATED=  136
.
0     90 SECOND CYCLE  40 STEPS
0INTERMEDIATE SETTINGS - INCREMENTS SO FAR :-   13  36  -1  13  36
  - (SECONDS)
 
    10       3      60       4      21
    11       2      37      17
    12       3      10      58      69
0  TOTAL          TOTAL       MEAN         TOTAL    TOTAL    TOTAL       TOTAL        PENALTY       TOTAL
  DISTANCE         TIME    JOURNEY       UNIFORM   RANDOM+    COST        COST          FOR       PERFORMANCE
 TRAVELLED        SPENT      SPEED         DELAY   OVERSAT     OF          OF          EXCESS       INDEX
                                                    DELAY    DELAY       STOPS         QUEUES
 (PCU-KM/H)     (PCU-H/H)    (KM/H)     (PCU-H/H)(PCU-H/H)   ($/H)       ($/H)         ($/H)        ($/H)
0  9646.4         326.5       29.5         92.5     88.3    (  65.1) + (   64.3)  +  (   0.0)   =     129.4      TOTALS
0
 NO. OF ENTRIES TO SUBPT  =    7
 NO. OF LINKS RECALCULATED=  120
.
0     90 SECOND CYCLE  40 STEPS
0INTERMEDIATE SETTINGS - INCREMENTS SO FAR :-   13  36  -1  13  36   1
  - (SECONDS)
 
    10       3      59       3      20
    11       2      35      15
    12       3       9      57      68
0  TOTAL          TOTAL       MEAN         TOTAL    TOTAL    TOTAL       TOTAL        PENALTY       TOTAL
  DISTANCE         TIME    JOURNEY       UNIFORM   RANDOM+    COST        COST          FOR       PERFORMANCE
 TRAVELLED        SPENT      SPEED         DELAY   OVERSAT     OF          OF          EXCESS       INDEX
                                                    DELAY    DELAY       STOPS         QUEUES
 (PCU-KM/H)     (PCU-H/H)    (KM/H)     (PCU-H/H)(PCU-H/H)   ($/H)       ($/H)         ($/H)        ($/H)
0  9646.4         325.0       29.7         92.6     86.7    (  64.6) + (   63.9)  +  (   0.0)   =     128.5      TOTALS
0
 NO. OF ENTRIES TO SUBPT  =   11
 NO. OF LINKS RECALCULATED=  174
.
0     90 SECOND CYCLE  40 STEPS
0INTERMEDIATE SETTINGS - INCREMENTS SO FAR :-   13  36  -1  13  36   1  -1
  - (SECONDS)
 
    10       3      59       3      20
    11       2      35      15
    12       3       9      57      68
0  TOTAL          TOTAL       MEAN         TOTAL    TOTAL    TOTAL       TOTAL        PENALTY       TOTAL
  DISTANCE         TIME    JOURNEY       UNIFORM   RANDOM+    COST        COST          FOR       PERFORMANCE
 TRAVELLED        SPENT      SPEED         DELAY   OVERSAT     OF          OF          EXCESS       INDEX
                                                    DELAY    DELAY       STOPS         QUEUES
 (PCU-KM/H)     (PCU-H/H)    (KM/H)     (PCU-H/H)(PCU-H/H)   ($/H)       ($/H)         ($/H)        ($/H)
0  9646.4         325.0       29.7         92.6     86.7    (  64.6) + (   63.9)  +  (   0.0)   =     128.5      TOTALS
0
 NO. OF ENTRIES TO SUBPT  =   13
 NO. OF LINKS RECALCULATED=  216
.
0     90 SECOND CYCLE  40 STEPS
0FINAL SETTINGS OBTAINED WITH INCREMENTS :-   13  36  -1  13  36   1  -1   1
  - (SECONDS)
0  NODE   NUMBER   STAGE   STAGE   STAGE   STAGE   STAGE  STAGE   STAGE
    NO   OF STAGES   1       2       3       4       5       6       7
 
    10       3      59       3      20
    11       2      35      15
    12       3       9      57      68
0 LINK    FLOW   SAT   DEGREE  MEAN TIMES  -------DELAY--------   ----STOPS----   ----QUEUE----  PERFORMANCE   EXIT   GREEN TIMES
 NUMBER   INTO   FLOW    OF     PER PCU    UNIFORM RANDOM+ COST    MEAN   COST    MEAN             INDEX.      NODE   START  START
          LINK          SAT    CRUISE              OVERSAT  OF    STOPS    OF     MAX.  AVERAGE  WEIGHTED SUM            END     END
                                    DELAY  (U+R+O=MEAN Q) DELAY    /PCU   STOPS          EXCESS  OF ( ) VALUES         1ST     2ND
        (PCU/H) (PCU/H)  (%)  (SEC) (SEC)    (PCU-H/H)    ($/H)    (%)    ($/H)    (PCU)  (PCU)     ($/H)               (SECONDS)
 
  1011    1381   4500     95    12    43    8.4 +  8.1  (  5.9)    106  (  7.6)      40               13.6     10     66   4
  1013     681   1600     82    12    18    1.3 +  2.1  (  1.2)     72  (  2.6)      15                3.8     10     66  22
  1021    1370   4500     91    14    42   10.9 +  4.9  (  5.7)    104  (  3.8)      37                9.5     10     32  61
  1023     160   1600     32    14    29    1.1 +  0.2  (  0.5)     78  (  0.3)       3                0.8     10     32  59
  1025     260   2000     98    14   130    2.8 +  6.6  (  3.4)    174  (  1.2)      13                4.6     10     11  22
  1031    1240   4200     95    64    52   10.4 +  7.6  (  6.5)    115  (  7.5)      37               14.0     10     66   3
  1033     860   1600     91    64    36    3.9 +  4.7  (  3.1)    101  (  4.6)      24                7.7     10     66  28
  1035     180   2000     96    64   135    1.7 +  5.1  (  2.4)    181  (  1.7)       9                4.2     10     66   8
  1041    2020   4500     99    14    53   13.6 + 16.2  ( 10.7)    121  (  6.6)      67               17.3     10     26  66
  1045     670   4000    101    14   112    7.0 + 13.8  (  7.5)    163  (  2.9)      31               10.4     10     11  25
  1111    2301   4000     82    38     7    1.9 +  2.3  (  1.5)     27  (  3.3)      20                4.8     11     43  15
  1121     110   2000     35    14    43    1.0 +  0.3  (  0.5)     95  (  0.3)       3                0.8     11     22  35
  1131    1450   4000     52    12     5    1.4 +  0.5  (  0.7)     22  (  1.7)       8                2.3     11     43  15
  1135      50   1601      8    12     6    0.0 +  0.0  (  0.0)     22  (  0.1)       0                0.1     11     43  15
  1211    1980   4200     85    43    22    9.2 +  2.8  (  4.3)     82  (  8.6)      44               12.9     12     19  68
  1213     140   1600     16    43    12    0.4 +  0.1  (  0.2)     47  (  0.3)       2                0.5     12     19  68
  1215     320   1602     56    43    24    1.5 +  0.6  (  0.8)     80  (  1.4)       7                2.1     12     19  68
  1221     190   2000     36    14    32    1.4 +  0.3  (  0.6)     82  (  0.4)       4                1.0     12     76   9
  1225      60   1601     18    14    33    0.4 +  0.1  (  0.2)     83  (  0.1)       1                0.3     12     76   9
  1231    1400   4000     81    37    19    5.3 +  2.1  (  2.7)     71  (  5.3)      32                7.9     12     19  57
  1233      61   1600      9    37    11    0.1 +  0.0  (  0.1)     31  (  0.1)       0                0.2     12     19  57
  1235      99   1601     34    37    19    0.3 +  0.3  (  0.2)     44  (  0.2)       1                0.4     12     19  57
  1241     160   2000     30    14    31    1.2 +  0.2  (  0.5)     81  (  0.3)       3                0.8     12     76   9
  1243     510   1600     78    14    35    3.2 +  1.7  (  1.8)     93  (  1.3)      12                3.1     12     63   9
  1245     470   2000     95    14    78    4.1 +  6.1  (  3.7)    139  (  1.8)      17                5.4     12     76  14
0  TOTAL          TOTAL       MEAN         TOTAL    TOTAL    TOTAL       TOTAL        PENALTY       TOTAL
  DISTANCE         TIME    JOURNEY       UNIFORM   RANDOM+    COST        COST          FOR       PERFORMANCE
 TRAVELLED        SPENT      SPEED         DELAY   OVERSAT     OF          OF          EXCESS       INDEX
                                                    DELAY    DELAY       STOPS         QUEUES
 (PCU-KM/H)     (PCU-H/H)    (KM/H)     (PCU-H/H)(PCU-H/H)   ($/H)       ($/H)         ($/H)        ($/H)
0  9646.4         325.0       29.7         92.6     86.7    (  64.6) + (   63.9)  +  (   0.0)   =     128.5      TOTALS
0************************************************************************************************************************************
0                                  CRUISE               DELAY               STOPS              TOTALS
                               LITRES PER HOUR     LITRES PER HOUR     LITRES PER HOUR     LITRES PER HOUR
0FUEL CONSUMPTION PREDICTIONS       754.3         +     206.2         +     378.8         =    1339.3
0
 NO. OF ENTRIES TO SUBPT  =    7
 NO. OF LINKS RECALCULATED=  120
 
 PROGRAM TRANSYT FINISHED
