1                                                          T R A N S Y T
                                                           ~~~~~~~~~~~~~
                                                     TRAffic Network StudY Tool
 
 
 (C) COPYRIGHT 1996,2001 - TRL Limited, Crowthorne, Berkshire, RG45 6AU, UK
0Implementation for IBM-PC or compatible
0Program TRANSYT 11, Analysis Program Version 1.3
0Run with file:- "RING3_2E.DAT"   at 09:22   on 04/12/01
0Ring 3 - 2e
 
 
 
  PARAMETERS CONTROLLING DIMENSIONS OF PROBLEM :
  ~~~~~~~~~~~~~~~~~~~~~~~~~~~~~~~~~~~~~~~~~~~~~~
 
  NUMBER OF NODES                    =    4
  NUMBER OF LINKS                    =   31
  NUMBER OF OPTIMISED NODES          =    3
  MAXIMUM NUMBER OF GRAPHIC PLOTS    =    0
  NUMBER OF STEPS IN CYCLE           =   40
  MAXIMUM NUMBER OF SHARED STOPLINES =    0
  MAXIMUM NUMBER OF TIMING POINTS    =    4
  MAXIMUM LINKS AT ANY NODE          =   10
 
 
  CORE REQUESTED =   6589 WORDS
  CORE AVAILABLE =  72000 WORDS
.
0          DATA INPUT :-
           ~~~~ ~~~~~
0CARD   CARD
  NO.   TYPE
 (  1)= TITLE:- Ring 3 - 2e
0CARD   CARD   CYCLE  NO. OF   TIME EFFECTIVE-GREEN  EQUISAT 0=UNEQUAL FLOW   CRUISE-SPEEDS   OPTIMISE  EXTRA  HILL-   DELAY   STOP
  NO.   TYPE   TIME    STEPS  PERIOD DISPLACEMENTS  SETTINGS  CYCLE   SCALE   SCALE  CARD32   0=NONE   COPIES  CLIMB   VALUE   VALUE
                        PER   1-1200  START    END     0=NO  1=EQUAL  10-200  50-200 0=TIMES  1=O/SET   FINAL  OUTPUT  P PER   P PER
               (SEC)   CYCLE   MINS.  (SEC)   (SEC)    1=YES  CYCLE      %       %   1=SPEEDS 2=FULL   OUTPUT  1=FULL  PCU-H    100
   2)=   1      80      40      60       2       3       0       0       0       0       1       1       0       0      36      20
0CARD   CARD                                      LIST  OF  NODES  TO  BE  OPTIMISED
  NO.   TYPE
   3)=   2       7       8       9       0       0       0       0       0       0       0       0       0       0       0       0
0                                  NODE  CARDS:   STAGE  CHANGE  TIMES  AND  MINIMUM  STAGE  TIMES
 CARD   CARD   NODE        STAGE 1         STAGE 2         STAGE 3         STAGE 4         STAGE 5         STAGE 6         STAGE 7
  NO.   TYPE    NO.   CHANGE    MIN   CHANGE    MIN   CHANGE    MIN   CHANGE    MIN   CHANGE    MIN   CHANGE    MIN   CHANGE    MIN
   4)=  14       6      47      23       0      10      12      21      34      10       0       0       0       0       0       0
   5)=  12       7      37      20      16      21       0       0       0       0       0       0       0       0       0       0
   6)=  13       8      35      20      70      10       2      23       0       0       0       0       0       0       0       0
   7)=  12       9      21      20      66      18       0       0       0       0       0       0       0       0       0       0
0                                                    LINK CARDS:   GIVEWAY DATA
                     PRIORITY LINKS   LINK1 GIVEWAY COEFFS.
 CARD   CARD   LINK    LINK1   LINK2    ONLY     A1      A2                                    LINK    STOP     MAX   DELAY  DISPSN
 NO.   TYPE    NO.      NO.     NO.  % FLOW    X100    X100                                  LENGTH WT.X100   FLOW  WT.X100    X100
   8)=  30     615     631       0       0      22      19       0       0       0       0     770       0    1602       0       0
   9)=  30     625     641     643       0      22      19       0       0       0       0     200       0    1602       0       0
  10)=  30     635     611     613       0      22      19       0       0       0       0    1300       0    1600       0       0
  11)=  30     735     711     713       0      22      19       0       0       0       0     770       0    1602       0       0
  12)=  30     815     831       0       0      22      19       0       0       0       0    1070       0    1600       0       0
  13)=  30     825     841       0       0      22      19       0       0       0       0     200       0    1600       0       0
  14)=  30     835     811       0       0      22      19       0       0       0       0     390       0    1602       0       0
  15)=  30     845     821     823       0      22      19       0       0       0       0     200       0    1600       0       0
  16)=  30     935     911     913       0      22      19       0       0       0       0    1070       0    1600       0       0
0                                                    LINK  CARDS:   FIXED  DATA
                                        FIRST   GREEN                   SECOND  GREEN
 CARD   CARD   LINK     EXIT        START            END            START            END       LINK    STOP     SAT   DELAY   DISPSN
  NO.   TYPE    NO.     NODE    STAGE    LAG    STAGE    LAG    STAGE    LAG    STAGE    LAG  LENGTH  WT.X100  FLOW  WT.X100    X100
  17)=  31     611       6       3       6       4       0       0       0       0       0     770       0    4000       0       0
  18)=  31     613       6       2       7       4       0       0       0       0       0     770       0    1600       0       0
  19)=  31     615       6       3       6       1       0       0       0       0       0     770       0    1602       0       0
  20)=  31     621       6       1       6       3       0       0       0       0       0     200       0    4000       0       0
  21)=  31     623       6       1       6       3       0       0       0       0       0     200       0    1600       0       0
  22)=  31     625       6       1       6       3       0       0       0       0       0     200       0    2000       0       0
  23)=  31     631       6       3       6       4       0       0       0       0       0    1300       0    4500       0       0
  24)=  31     635       6       3       6       1       0       0       0       0       0    1300       0    1601       0       0
  25)=  31     641       6       1       6       2       0       0       0       0       0     200       0    6000       0       0
  26)=  31     643       6       1       6       2       0       0       0       0       0     200       0    1600       0       0
  27)=  31     711       7       1       9       2       0       0       0       0       0     390       0    4000       0       0
  28)=  31     713       7       1       9       2       0       0       0       0       0     390       0    1600       0       0
  29)=  31     723       7       2       7       1       0       0       0       0       0     200       0    1600       0       0
  30)=  31     725       7       2       7       1       0       0       0       0       0     200       0    1600       0       0
  31)=  31     731       7       1       9       2       0       0       0       0       0     770       0    4000       0       0
  32)=  31     735       7       1       9       2       0       0       0       0       0     770       0    1602       0       0
  33)=  31     811       8       1       9       2       0       0       0       0       0    1070       0    4500       0       0
  34)=  31     815       8       1       9       2       0       0       0       0       0    1070       0    1601       0       0
  35)=  31     821       8       3       8       1       0       0       0       0       0     200       0    2000       0       0
  36)=  31     823       8       3       8       1       0       0       0       0       0     200       0    1600       0       0
  37)=  31     825       8       3       8       1       0       0       0       0       0     200       0    1600       0       0
  38)=  31     831       8       1       9       3       0       0       0       0       0     390       0    4000       0       0
  39)=  31     835       8       1       9       3       0       0       0       0       0     390       0    1602       0       0
  40)=  31     841       8       3       8       1       0       0       0       0       0     200       0    2000       0       0
  41)=  31     845       8       3       8       1       0       0       0       0       0     200       0    1601       0       0
  42)=  31     911       9       1       9       2       0       0       0       0       0    1240       0    4000       0       0
  43)=  31     913       9       1       0       2       0       0       0       0       0    1240       0    1600       0       0
  44)=  31     923       9       2       9       1       0       0       0       0       0     200       0    1600       0       0
  45)=  31     925       9       2       9       1       0       0       0       0       0     200       0    3200       0       0
  46)=  31     931       9       1       9       2       0       0       0       0       0    1070       0    4000       0       0
  47)=  31     935       9       1       9       2       0       0       0       0       0    1070       0    1601       0       0
0                                                    LINK CARDS:    FLOW DATA
                                       ENTRY 1 ............    ENTRY 2 ............    ENTRY 3 ............    ENTRY 4 ............
 CARD   CARD   LINK   TOTAL  UNIFORM   LINK          CRUISE    LINK          CRUISE    LINK          CRUISE    LINK          CRUISE
  NO.   TYPE    NO.    FLOW    FLOW     NO.    FLOW   SPEED     NO.    FLOW   SPEED     NO.    FLOW   SPEED     NO.    FLOW   SPEED
  48)=  32     611     860       0     711     850      70     723     150      61       0       0       0       0       0       0
  49)=  32     613     370       0     711     300      70     723      50      61       0       0       0       0       0       0
  50)=  32     615     270       0     711     200      70     723      50      61       0       0       0       0       0       0
  51)=  32     621    1390       0       0       0      50       0       0       0       0       0       0       0       0       0
  52)=  32     623     170       0       0       0      50       0       0       0       0       0       0       0       0       0
  53)=  32     625     340       0       0       0      50       0       0       0       0       0       0       0       0       0
  54)=  32     631     910       0       0       0      70       0       0       0       0       0       0       0       0       0
  55)=  32     635     290       0       0       0      70       0       0       0       0       0       0       0       0       0
  56)=  32     641    1390       0       0       0      50       0       0       0       0       0       0       0       0       0
  57)=  32     643     290       0       0       0      50       0       0       0       0       0       0       0       0       0
  58)=  32     711    1490       0     811    1200      70     823     350      61     845      50      61       0       0       0
  59)=  32     713     100       0     811     100      70       0       0       0       0       0       0       0       0       0
  60)=  32     723     300       0       0       0      50       0       0       0       0       0       0       0       0       0
  61)=  32     725     260       0       0       0      50       0       0       0       0       0       0       0       0       0
  62)=  32     731    1330       0     625     300      61     631     750      70     643     250      61       0       0       0
  63)=  32     735     120       0     625      50      61     631      50      70     643      50      61       0       0       0
  64)=  32     811    1430       0     911    1300      70     923     150      61       0       0       0       0       0       0
  65)=  32     815     250       0     911     250      70       0       0       0       0       0       0       0       0       0
  66)=  32     821     340       0       0       0      50       0       0       0       0       0       0       0       0       0
  67)=  32     823     350       0       0       0      50       0       0       0       0       0       0       0       0       0
  68)=  32     825     180       0       0       0      50       0       0       0       0       0       0       0       0       0
  69)=  32     831    1320       0     731    1100      70     725     300      61       0       0       0       0       0       0
  70)=  32     835     140       0     731     150      70       0       0       0       0       0       0       0       0       0
  71)=  32     841     240       0       0       0      50       0       0       0       0       0       0       0       0       0
  72)=  32     845      60       0       0       0      50       0       0       0       0       0       0       0       0       0
  73)=  32     911    1610       0       0       0      70       0       0       0       0       0       0       0       0       0
  74)=  32     913     690       0       0       0      70       0       0       0       0       0       0       0       0       0
  75)=  32     923     160       0       0       0      50       0       0       0       0       0       0       0       0       0
  76)=  32     925     860       0       0       0      50       0       0       0       0       0       0       0       0       0
  77)=  32     931    1480       0     831    1200      70     841     100      61     825     200      61       0       0       0
  78)=  32     935     120       0     831     100      70     841      10      61       0       0       0       0       0       0
0                                                               FUEL CARD
                    CRUISE CONSTANTS   DELAY    STOP
                   A       B       C   CONST.  CONST.
 ( 79)=   37     145    -375     405     115     635       0       0       0       0       0       0       0       0       0       0
0*****END OF SUBROUTINE TINPUT*****
.
0     80 SECOND CYCLE  40 STEPS
0INITIAL SETTINGS
  - (SECONDS)
0  NODE   NUMBER   STAGE   STAGE   STAGE   STAGE   STAGE  STAGE   STAGE
    NO   OF STAGES   1       2       3       4       5       6       7
 
     6       4      47       0      12      34
     7       2      37      16
     8       3      35      70       2
     9       2      21      66
0 LINK    FLOW   SAT   DEGREE  MEAN TIMES  -------DELAY--------   ----STOPS----   ----QUEUE----  PERFORMANCE   EXIT   GREEN TIMES
 NUMBER   INTO   FLOW    OF     PER PCU    UNIFORM RANDOM+ COST    MEAN   COST    MEAN             INDEX.      NODE   START  START
          LINK          SAT    CRUISE              OVERSAT  OF    STOPS    OF     MAX.  AVERAGE  WEIGHTED SUM            END     END
                                    DELAY  (U+R+O=MEAN Q) DELAY    /PCU   STOPS          EXCESS  OF ( ) VALUES         1ST     2ND
        (PCU/H) (PCU/H)  (%)  (SEC) (SEC)    (PCU-H/H)    ($/H)    (%)    ($/H)    (PCU)  (PCU)     ($/H)               (SECONDS)
 
   611     859   4000    101    40   103    7.4 + 17.2  (  8.8)    164  (  7.4)      37               16.3      6     18  34
   613     369   1600     66    40    31    2.2 +  1.0  (  1.1)     81  (  1.6)       7                2.7      6      7  34
   615     269   1602     67    41    32    1.4 +  1.0  (  0.9)     94  (  1.3)       6                2.2      6     18  47
   621    1390   4000     70    14    18    5.9 +  1.1  (  2.5)     74  (  2.7)      25                5.3      6     53  12
   623     170   1600     21    14    14    0.5 +  0.1  (  0.2)     54  (  0.2)       2                0.5      6     53  12
   625     340   2000     68    14    36    2.4 +  1.0  (  1.2)     98  (  0.9)       8                2.1      6     53  12
   631     910   4500     95    67    61    7.9 +  7.4  (  5.5)    126  (  6.0)      27               11.6      6     18  34
   635     290   1601     75    67    44    2.1 +  1.5  (  1.3)    109  (  1.7)       7                3.0      6     18  47
   641    1390   6000     66    14    25    8.5 +  1.0  (  3.4)     82  (  3.1)      27                6.5      6     53   0
   643     290   1600     52    14    27    1.7 +  0.5  (  0.8)     83  (  0.6)       6                1.4      6     53   0
   711    1491   4000     58    21     4    1.1 +  0.7  (  0.7)     23  (  1.8)       9                2.5      7     46  16
   713     100   1600     10    20     3    0.0 +  0.1  (  0.0)      6  (  0.0)       0                0.1      7     46  16
   723     300   1600    100    14   136    2.7 +  8.7  (  4.1)    190  (  1.5)      15                5.6      7     23  37
   725     260   1600     87    14    71    2.3 +  2.8  (  1.8)    135  (  0.9)       8                2.8      7     23  37
   731    1330   4000     52    42     7    2.0 +  0.5  (  0.9)     38  (  2.0)      14                3.0      7     46  16
   735     120   1602     18    43    11    0.3 +  0.1  (  0.1)     51  (  0.2)       1                0.4      7     46  16
   811    1429   4500     94    56    49   12.5 +  6.9  (  7.0)    118  (  8.9)      38               15.9      8     44  70
   815     251   1601     76    55    54    2.3 +  1.5  (  1.4)    123  (  1.6)       7                3.0      8     44  70
   821     340   2000     52    14    28    2.1 +  0.5  (  0.9)     83  (  0.8)       7                1.7      8     10  35
   823     350   1600     67    14    34    2.3 +  1.0  (  1.2)     94  (  0.9)       8                2.1      8     10  35
   825     180   1600     39    14    28    1.1 +  0.3  (  0.5)     82  (  0.4)       3                0.9      8     10  35
   831    1321   4000     68    21    16    4.7 +  1.0  (  2.1)     52  (  3.6)      16                5.7      8     44   2
   835     141   1602     30    20    20    0.6 +  0.2  (  0.3)     53  (  0.4)       2                0.7      8     44   2
   841     240   2000     37    14    25    1.4 +  0.3  (  0.6)     77  (  0.5)       4                1.1      8     10  35
   845      60   1601     16    14    25    0.3 +  0.1  (  0.2)     75  (  0.1)       1                0.3      8     10  35
   911    1610   4000     87    64    27    8.7 +  3.3  (  4.3)     92  (  7.8)      35               12.1      9     30  66
   913     690   1600     75    64    20    2.4 +  1.5  (  1.4)     77  (  2.8)      13                4.2      9     21  66
   923     160   1600     30    14    24    0.9 +  0.2  (  0.4)     75  (  0.3)       3                0.7      9     75  21
   925     860   3200     80    14    32    5.7 +  1.9  (  2.8)     95  (  2.2)      19                4.9      9     75  21
   931    1479   4000     80    57    21    6.6 +  2.0  (  3.1)     89  (  7.0)      31               10.0      9     30  66
   935     119   1601     41    56    22    0.4 +  0.4  (  0.3)     80  (  0.5)       2                0.8      9     30  66
0  TOTAL          TOTAL       MEAN         TOTAL    TOTAL    TOTAL       TOTAL        PENALTY       TOTAL
  DISTANCE         TIME    JOURNEY       UNIFORM   RANDOM+    COST        COST          FOR       PERFORMANCE
 TRAVELLED        SPENT      SPEED         DELAY   OVERSAT     OF          OF          EXCESS       INDEX
                                                    DELAY    DELAY       STOPS         QUEUES
 (PCU-KM/H)     (PCU-H/H)    (KM/H)     (PCU-H/H)(PCU-H/H)   ($/H)       ($/H)         ($/H)        ($/H)
0 12648.6         357.1       35.4        100.3     65.9    (  59.8) + (   69.9)  +  (   0.0)   =     129.7      TOTALS
0************************************************************************************************************************************
0                                  CRUISE               DELAY               STOPS              TOTALS
                               LITRES PER HOUR     LITRES PER HOUR     LITRES PER HOUR     LITRES PER HOUR
0FUEL CONSUMPTION PREDICTIONS       980.2         +     191.2         +     413.8         =    1585.1
0
 NO. OF ENTRIES TO SUBPT  =    1
 NO. OF LINKS RECALCULATED=   31
.
0     80 SECOND CYCLE  40 STEPS
0INTERMEDIATE SETTINGS - INCREMENTS SO FAR :-   12
  - (SECONDS)
 
     6       4      47       0      12      34
     7       2      37      16
     8       3      47       2      14
     9       2      77      42
0  TOTAL          TOTAL       MEAN         TOTAL    TOTAL    TOTAL       TOTAL        PENALTY       TOTAL
  DISTANCE         TIME    JOURNEY       UNIFORM   RANDOM+    COST        COST          FOR       PERFORMANCE
 TRAVELLED        SPENT      SPEED         DELAY   OVERSAT     OF          OF          EXCESS       INDEX
                                                    DELAY    DELAY       STOPS         QUEUES
 (PCU-KM/H)     (PCU-H/H)    (KM/H)     (PCU-H/H)(PCU-H/H)   ($/H)       ($/H)         ($/H)        ($/H)
0 12648.6         354.4       35.7         97.0     66.5    (  58.8) + (   66.7)  +  (   0.0)   =     125.5      TOTALS
0
 NO. OF ENTRIES TO SUBPT  =    9
 NO. OF LINKS RECALCULATED=  141
.
0     80 SECOND CYCLE  40 STEPS
0INTERMEDIATE SETTINGS - INCREMENTS SO FAR :-   12  32
  - (SECONDS)
 
     6       4      47       0      12      34
     7       2      37      16
     8       3      47       2      14
     9       2      77      42
0  TOTAL          TOTAL       MEAN         TOTAL    TOTAL    TOTAL       TOTAL        PENALTY       TOTAL
  DISTANCE         TIME    JOURNEY       UNIFORM   RANDOM+    COST        COST          FOR       PERFORMANCE
 TRAVELLED        SPENT      SPEED         DELAY   OVERSAT     OF          OF          EXCESS       INDEX
                                                    DELAY    DELAY       STOPS         QUEUES
 (PCU-KM/H)     (PCU-H/H)    (KM/H)     (PCU-H/H)(PCU-H/H)   ($/H)       ($/H)         ($/H)        ($/H)
0 12648.6         354.4       35.7         97.0     66.5    (  58.8) + (   66.7)  +  (   0.0)   =     125.5      TOTALS
0
 NO. OF ENTRIES TO SUBPT  =    7
 NO. OF LINKS RECALCULATED=  125
.
0     80 SECOND CYCLE  40 STEPS
0INTERMEDIATE SETTINGS - INCREMENTS SO FAR :-   12  32  12
  - (SECONDS)
 
     6       4      47       0      12      34
     7       2      37      16
     8       3      47       2      14
     9       2      77      42
0  TOTAL          TOTAL       MEAN         TOTAL    TOTAL    TOTAL       TOTAL        PENALTY       TOTAL
  DISTANCE         TIME    JOURNEY       UNIFORM   RANDOM+    COST        COST          FOR       PERFORMANCE
 TRAVELLED        SPENT      SPEED         DELAY   OVERSAT     OF          OF          EXCESS       INDEX
                                                    DELAY    DELAY       STOPS         QUEUES
 (PCU-KM/H)     (PCU-H/H)    (KM/H)     (PCU-H/H)(PCU-H/H)   ($/H)       ($/H)         ($/H)        ($/H)
0 12648.6         354.4       35.7         97.0     66.5    (  58.8) + (   66.7)  +  (   0.0)   =     125.5      TOTALS
0
 NO. OF ENTRIES TO SUBPT  =    7
 NO. OF LINKS RECALCULATED=  133
.
0     80 SECOND CYCLE  40 STEPS
0INTERMEDIATE SETTINGS - INCREMENTS SO FAR :-   12  32  12  32
  - (SECONDS)
 
     6       4      47       0      12      34
     7       2      37      16
     8       3      47       2      14
     9       2      77      42
0  TOTAL          TOTAL       MEAN         TOTAL    TOTAL    TOTAL       TOTAL        PENALTY       TOTAL
  DISTANCE         TIME    JOURNEY       UNIFORM   RANDOM+    COST        COST          FOR       PERFORMANCE
 TRAVELLED        SPENT      SPEED         DELAY   OVERSAT     OF          OF          EXCESS       INDEX
                                                    DELAY    DELAY       STOPS         QUEUES
 (PCU-KM/H)     (PCU-H/H)    (KM/H)     (PCU-H/H)(PCU-H/H)   ($/H)       ($/H)         ($/H)        ($/H)
0 12648.6         354.4       35.7         97.0     66.5    (  58.8) + (   66.7)  +  (   0.0)   =     125.5      TOTALS
0
 NO. OF ENTRIES TO SUBPT  =    7
 NO. OF LINKS RECALCULATED=  130
.
0     80 SECOND CYCLE  40 STEPS
0INTERMEDIATE SETTINGS - INCREMENTS SO FAR :-   12  32  12  32  12
  - (SECONDS)
 
     6       4      47       0      12      34
     7       2      37      16
     8       3      47       2      14
     9       2      77      42
0  TOTAL          TOTAL       MEAN         TOTAL    TOTAL    TOTAL       TOTAL        PENALTY       TOTAL
  DISTANCE         TIME    JOURNEY       UNIFORM   RANDOM+    COST        COST          FOR       PERFORMANCE
 TRAVELLED        SPENT      SPEED         DELAY   OVERSAT     OF          OF          EXCESS       INDEX
                                                    DELAY    DELAY       STOPS         QUEUES
 (PCU-KM/H)     (PCU-H/H)    (KM/H)     (PCU-H/H)(PCU-H/H)   ($/H)       ($/H)         ($/H)        ($/H)
0 12648.6         354.4       35.7         97.0     66.5    (  58.8) + (   66.7)  +  (   0.0)   =     125.5      TOTALS
0
 NO. OF ENTRIES TO SUBPT  =    7
 NO. OF LINKS RECALCULATED=  136
.
0     80 SECOND CYCLE  40 STEPS
0INTERMEDIATE SETTINGS - INCREMENTS SO FAR :-   12  32  12  32  12   1
  - (SECONDS)
 
     6       4      47       0      12      34
     7       2      38      17
     8       3      44      79      11
     9       2      76      41
0  TOTAL          TOTAL       MEAN         TOTAL    TOTAL    TOTAL       TOTAL        PENALTY       TOTAL
  DISTANCE         TIME    JOURNEY       UNIFORM   RANDOM+    COST        COST          FOR       PERFORMANCE
 TRAVELLED        SPENT      SPEED         DELAY   OVERSAT     OF          OF          EXCESS       INDEX
                                                    DELAY    DELAY       STOPS         QUEUES
 (PCU-KM/H)     (PCU-H/H)    (KM/H)     (PCU-H/H)(PCU-H/H)   ($/H)       ($/H)         ($/H)        ($/H)
0 12648.6         354.3       35.7         97.2     66.2    (  58.8) + (   66.2)  +  (   0.0)   =     125.0      TOTALS
0
 NO. OF ENTRIES TO SUBPT  =   11
 NO. OF LINKS RECALCULATED=  207
.
0     80 SECOND CYCLE  40 STEPS
0FINAL SETTINGS OBTAINED WITH INCREMENTS :-   12  32  12  32  12   1   1
  - (SECONDS)
0  NODE   NUMBER   STAGE   STAGE   STAGE   STAGE   STAGE  STAGE   STAGE
    NO   OF STAGES   1       2       3       4       5       6       7
 
     6       4      47       0      12      34
     7       2      36      15
     8       3      44      79      11
     9       2      76      41
0 LINK    FLOW   SAT   DEGREE  MEAN TIMES  -------DELAY--------   ----STOPS----   ----QUEUE----  PERFORMANCE   EXIT   GREEN TIMES
 NUMBER   INTO   FLOW    OF     PER PCU    UNIFORM RANDOM+ COST    MEAN   COST    MEAN             INDEX.      NODE   START  START
          LINK          SAT    CRUISE              OVERSAT  OF    STOPS    OF     MAX.  AVERAGE  WEIGHTED SUM            END     END
                                    DELAY  (U+R+O=MEAN Q) DELAY    /PCU   STOPS          EXCESS  OF ( ) VALUES         1ST     2ND
        (PCU/H) (PCU/H)  (%)  (SEC) (SEC)    (PCU-H/H)    ($/H)    (%)    ($/H)    (PCU)  (PCU)     ($/H)               (SECONDS)
 
   611     859   4000    101    40   107    8.3 + 17.2  (  9.2)    167  (  7.5)      37               16.7      6     18  34
   613     369   1600     66    40    34    2.5 +  1.0  (  1.3)     93  (  1.8)       8                3.1      6      7  34
   615     269   1602     67    41    36    1.7 +  1.0  (  1.0)     93  (  1.3)       6                2.3      6     18  47
   621    1390   4000     70    14    18    5.9 +  1.1  (  2.5)     74  (  2.7)      25                5.3      6     53  12
   623     170   1600     21    14    14    0.5 +  0.1  (  0.2)     54  (  0.2)       2                0.5      6     53  12
   625     340   2000     68    14    36    2.4 +  1.0  (  1.2)     98  (  0.9)       8                2.1      6     53  12
   631     910   4500     95    67    61    7.9 +  7.4  (  5.5)    126  (  6.0)      27               11.6      6     18  34
   635     290   1601     75    67    45    2.1 +  1.5  (  1.3)    109  (  1.7)       7                3.0      6     18  47
   641    1390   6000     66    14    25    8.5 +  1.0  (  3.4)     82  (  3.1)      27                6.5      6     53   0
   643     290   1600     52    14    27    1.7 +  0.5  (  0.8)     83  (  0.6)       6                1.4      6     53   0
   711    1491   4000     58    21     6    1.7 +  0.7  (  0.9)     26  (  2.0)      10                2.9      7     45  15
   713     100   1600     10    20     6    0.1 +  0.1  (  0.1)     20  (  0.1)       0                0.2      7     45  15
   723     300   1600    100    14   136    2.7 +  8.7  (  4.1)    190  (  1.5)      15                5.6      7     22  36
   725     260   1600     87    14    71    2.3 +  2.8  (  1.8)    136  (  0.9)       8                2.8      7     22  36
   731    1330   4000     52    42     7    2.0 +  0.5  (  0.9)     37  (  2.0)      13                2.9      7     45  15
   735     120   1602     18    43    11    0.3 +  0.1  (  0.1)     52  (  0.2)       2                0.4      7     45  15
   811    1429   4500     94    56    39    8.6 +  6.9  (  5.6)     97  (  7.3)      36               12.9      8     53  79
   815     251   1601     80    55    48    1.5 +  1.9  (  1.2)     97  (  1.3)       6                2.5      8     53  79
   821     340   2000     52    14    28    2.1 +  0.5  (  0.9)     83  (  0.8)       6                1.7      8     19  44
   823     350   1600     67    14    34    2.3 +  1.0  (  1.2)     93  (  0.9)       8                2.1      8     19  44
   825     180   1600     39    14    28    1.1 +  0.3  (  0.5)     82  (  0.4)       3                0.9      8     19  44
   831    1321   4000     68    21    11    3.0 +  1.0  (  1.5)     41  (  2.8)      13                4.3      8     53  11
   835     141   1602     30    20    14    0.3 +  0.2  (  0.2)     32  (  0.2)       1                0.4      8     53  11
   841     240   2000     37    14    25    1.4 +  0.3  (  0.6)     78  (  0.5)       4                1.1      8     19  44
   845      60   1601     16    14    25    0.3 +  0.1  (  0.2)     75  (  0.1)       1                0.3      8     19  44
   911    1610   4000     87    64    27    8.6 +  3.3  (  4.3)     92  (  7.7)      35               12.0      9      5  41
   913     690   1600     75    64    20    2.4 +  1.5  (  1.4)     77  (  2.8)      13                4.2      9     76  41
   923     160   1600     30    14    24    0.9 +  0.2  (  0.4)     74  (  0.3)       3                0.7      9     50  76
   925     860   3200     80    14    32    5.7 +  1.9  (  2.8)     95  (  2.2)      19                4.9      9     50  76
   931    1480   4000     80    57    23    7.6 +  2.0  (  3.5)     72  (  5.6)      26                9.0      9      5  41
   935     119   1601     42    56    29    0.6 +  0.4  (  0.3)     71  (  0.4)       2                0.8      9      5  41
0  TOTAL          TOTAL       MEAN         TOTAL    TOTAL    TOTAL       TOTAL        PENALTY       TOTAL
  DISTANCE         TIME    JOURNEY       UNIFORM   RANDOM+    COST        COST          FOR       PERFORMANCE
 TRAVELLED        SPENT      SPEED         DELAY   OVERSAT     OF          OF          EXCESS       INDEX
                                                    DELAY    DELAY       STOPS         QUEUES
 (PCU-KM/H)     (PCU-H/H)    (KM/H)     (PCU-H/H)(PCU-H/H)   ($/H)       ($/H)         ($/H)        ($/H)
0 12648.6         354.2       35.7         97.0     66.3    (  58.8) + (   66.1)  +  (   0.0)   =     124.9      TOTALS
0************************************************************************************************************************************
0                                  CRUISE               DELAY               STOPS              TOTALS
                               LITRES PER HOUR     LITRES PER HOUR     LITRES PER HOUR     LITRES PER HOUR
0FUEL CONSUMPTION PREDICTIONS       980.2         +     187.8         +     391.4         =    1559.4
0
 NO. OF ENTRIES TO SUBPT  =    9
 NO. OF LINKS RECALCULATED=  168
 
 PROGRAM TRANSYT FINISHED
