SCJ 1
Function call VAP_INT.interpreter :
The maximum number of program statements
per interpreter call has been exceeded.
The program might contain an endless loop!

current statement:
	sg_red (2)

cycle second 1, simulation second 1, active:
Stage_1 (sec. 1)
+++++++++++++++++++++++++++++++++++++++++++++++++++++++++++++++++

Function call VAP_INT.interpreter :
The maximum number of program statements
per interpreter call has been exceeded.
The program might contain an endless loop!

current statement:
	sg_red (2)

cycle second 2, simulation second 2, active:
Stage_1 (sec. 2)
+++++++++++++++++++++++++++++++++++++++++++++++++++++++++++++++++

Function call VAP_INT.interpreter :
The maximum number of program statements
per interpreter call has been exceeded.
The program might contain an endless loop!

current statement:
	sg_red (2)

cycle second 3, simulation second 3, active:
Stage_1 (sec. 3)
+++++++++++++++++++++++++++++++++++++++++++++++++++++++++++++++++

Function call VAP_INT.interpreter :
The maximum number of program statements
per interpreter call has been exceeded.
The program might contain an endless loop!

current statement:
	sg_red (2)

cycle second 4, simulation second 4, active:
Stage_1 (sec. 4)
+++++++++++++++++++++++++++++++++++++++++++++++++++++++++++++++++

Function call VAP_INT.interpreter :
The maximum number of program statements
per interpreter call has been exceeded.
The program might contain an endless loop!

current statement:
	sg_red (2)

cycle second 5, simulation second 5, active:
Stage_1 (sec. 5)
+++++++++++++++++++++++++++++++++++++++++++++++++++++++++++++++++

Function call VAP_INT.interpreter :
The maximum number of program statements
per interpreter call has been exceeded.
The program might contain an endless loop!

current statement:
	sg_red (2)

cycle second 6, simulation second 6, active:
Stage_1 (sec. 6)
+++++++++++++++++++++++++++++++++++++++++++++++++++++++++++++++++

Function call VAP_INT.interpreter :
The maximum number of program statements
per interpreter call has been exceeded.
The program might contain an endless loop!

current statement:
	sg_red (2)

cycle second 7, simulation second 7, active:
Stage_1 (sec. 7)
+++++++++++++++++++++++++++++++++++++++++++++++++++++++++++++++++

Function call VAP_INT.interpreter :
The maximum number of program statements
per interpreter call has been exceeded.
The program might contain an endless loop!

current statement:
	sg_red (2)

cycle second 8, simulation second 8, active:
Stage_1 (sec. 8)
+++++++++++++++++++++++++++++++++++++++++++++++++++++++++++++++++

Function call VAP_INT.interpreter :
The maximum number of program statements
per interpreter call has been exceeded.
The program might contain an endless loop!

current statement:
	sg_red (2)

cycle second 9, simulation second 9, active:
Stage_1 (sec. 9)
+++++++++++++++++++++++++++++++++++++++++++++++++++++++++++++++++

Function call VAP_INT.interpreter :
The maximum number of program statements
per interpreter call has been exceeded.
The program might contain an endless loop!

current statement:
	sg_red (2)

cycle second 10, simulation second 10, active:
Stage_1 (sec. 10)
+++++++++++++++++++++++++++++++++++++++++++++++++++++++++++++++++

Function call VAP_INT.interpreter :
The maximum number of program statements
per interpreter call has been exceeded.
The program might contain an endless loop!

current statement:
	sg_red (2)

cycle second 11, simulation second 11, active:
Stage_1 (sec. 11)
+++++++++++++++++++++++++++++++++++++++++++++++++++++++++++++++++

Function call VAP_INT.interpreter :
The maximum number of program statements
per interpreter call has been exceeded.
The program might contain an endless loop!

current statement:
	sg_red (2)

cycle second 12, simulation second 12, active:
Stage_1 (sec. 12)
+++++++++++++++++++++++++++++++++++++++++++++++++++++++++++++++++

Function call VAP_INT.interpreter :
The maximum number of program statements
per interpreter call has been exceeded.
The program might contain an endless loop!

current statement:
	sg_red (2)

cycle second 13, simulation second 13, active:
Stage_1 (sec. 13)
+++++++++++++++++++++++++++++++++++++++++++++++++++++++++++++++++

Function call VAP_INT.interpreter :
The maximum number of program statements
per interpreter call has been exceeded.
The program might contain an endless loop!

current statement:
	sg_red (2)

cycle second 14, simulation second 14, active:
Stage_1 (sec. 14)
+++++++++++++++++++++++++++++++++++++++++++++++++++++++++++++++++

Function call VAP_INT.interpreter :
The maximum number of program statements
per interpreter call has been exceeded.
The program might contain an endless loop!

current statement:
	sg_red (2)

cycle second 15, simulation second 15, active:
Stage_1 (sec. 15)
+++++++++++++++++++++++++++++++++++++++++++++++++++++++++++++++++

Function call VAP_INT.interpreter :
The maximum number of program statements
per interpreter call has been exceeded.
The program might contain an endless loop!

current statement:
	sg_red (2)

cycle second 16, simulation second 16, active:
Stage_1 (sec. 16)
+++++++++++++++++++++++++++++++++++++++++++++++++++++++++++++++++

Function call VAP_INT.interpreter :
The maximum number of program statements
per interpreter call has been exceeded.
The program might contain an endless loop!

current statement:
	sg_red (2)

cycle second 17, simulation second 17, active:
Stage_1 (sec. 17)
+++++++++++++++++++++++++++++++++++++++++++++++++++++++++++++++++

Function call VAP_INT.interpreter :
The maximum number of program statements
per interpreter call has been exceeded.
The program might contain an endless loop!

current statement:
	sg_red (2)

cycle second 18, simulation second 18, active:
Stage_1 (sec. 18)
+++++++++++++++++++++++++++++++++++++++++++++++++++++++++++++++++

Function call VAP_INT.interpreter :
The maximum number of program statements
per interpreter call has been exceeded.
The program might contain an endless loop!

current statement:
	sg_red (2)

cycle second 19, simulation second 19, active:
Stage_1 (sec. 19)
+++++++++++++++++++++++++++++++++++++++++++++++++++++++++++++++++

Function call VAP_INT.interpreter :
The maximum number of program statements
per interpreter call has been exceeded.
The program might contain an endless loop!

current statement:
	sg_red (2)

cycle second 20, simulation second 20, active:
Stage_1 (sec. 20)
+++++++++++++++++++++++++++++++++++++++++++++++++++++++++++++++++

Function call VAP_INT.interpreter :
The maximum number of program statements
per interpreter call has been exceeded.
The program might contain an endless loop!

current statement:
	sg_red (2)

cycle second 21, simulation second 21, active:
Stage_1 (sec. 21)
+++++++++++++++++++++++++++++++++++++++++++++++++++++++++++++++++

Function call VAP_INT.interpreter :
The maximum number of program statements
per interpreter call has been exceeded.
The program might contain an endless loop!

current statement:
	sg_red (2)

cycle second 22, simulation second 22, active:
Stage_1 (sec. 22)
+++++++++++++++++++++++++++++++++++++++++++++++++++++++++++++++++

Function call VAP_INT.interpreter :
The maximum number of program statements
per interpreter call has been exceeded.
The program might contain an endless loop!

current statement:
	sg_red (2)

cycle second 23, simulation second 23, active:
Stage_1 (sec. 23)
+++++++++++++++++++++++++++++++++++++++++++++++++++++++++++++++++

Function call VAP_INT.interpreter :
The maximum number of program statements
per interpreter call has been exceeded.
The program might contain an endless loop!

current statement:
	sg_red (2)

cycle second 24, simulation second 24, active:
Stage_1 (sec. 24)
+++++++++++++++++++++++++++++++++++++++++++++++++++++++++++++++++

Function call VAP_INT.interpreter :
The maximum number of program statements
per interpreter call has been exceeded.
The program might contain an endless loop!

current statement:
	sg_red (2)

cycle second 25, simulation second 25, active:
Stage_1 (sec. 25)
+++++++++++++++++++++++++++++++++++++++++++++++++++++++++++++++++

Function call VAP_INT.interpreter :
The maximum number of program statements
per interpreter call has been exceeded.
The program might contain an endless loop!

current statement:
	sg_red (2)

cycle second 26, simulation second 26, active:
Stage_1 (sec. 26)
+++++++++++++++++++++++++++++++++++++++++++++++++++++++++++++++++

Function call VAP_INT.interpreter :
The maximum number of program statements
per interpreter call has been exceeded.
The program might contain an endless loop!

current statement:
	sg_red (2)

cycle second 27, simulation second 27, active:
Stage_1 (sec. 27)
+++++++++++++++++++++++++++++++++++++++++++++++++++++++++++++++++

Function call VAP_INT.interpreter :
The maximum number of program statements
per interpreter call has been exceeded.
The program might contain an endless loop!

current statement:
	sg_red (2)

cycle second 28, simulation second 28, active:
Stage_1 (sec. 28)
+++++++++++++++++++++++++++++++++++++++++++++++++++++++++++++++++

Function call VAP_INT.interpreter :
The maximum number of program statements
per interpreter call has been exceeded.
The program might contain an endless loop!

current statement:
	sg_red (2)

cycle second 29, simulation second 29, active:
Stage_1 (sec. 29)
+++++++++++++++++++++++++++++++++++++++++++++++++++++++++++++++++

Function call VAP_INT.interpreter :
The maximum number of program statements
per interpreter call has been exceeded.
The program might contain an endless loop!

current statement:
	sg_red (2)

cycle second 30, simulation second 30, active:
Stage_1 (sec. 30)
+++++++++++++++++++++++++++++++++++++++++++++++++++++++++++++++++

Function call VAP_INT.interpreter :
The maximum number of program statements
per interpreter call has been exceeded.
The program might contain an endless loop!

current statement:
	sg_red (2)

cycle second 31, simulation second 31, active:
Stage_1 (sec. 31)
+++++++++++++++++++++++++++++++++++++++++++++++++++++++++++++++++

Function call VAP_INT.interpreter :
The maximum number of program statements
per interpreter call has been exceeded.
The program might contain an endless loop!

current statement:
	sg_red (2)

cycle second 32, simulation second 32, active:
Stage_1 (sec. 32)
+++++++++++++++++++++++++++++++++++++++++++++++++++++++++++++++++

Function call VAP_INT.interpreter :
The maximum number of program statements
per interpreter call has been exceeded.
The program might contain an endless loop!

current statement:
	sg_red (2)

cycle second 33, simulation second 33, active:
Stage_1 (sec. 33)
+++++++++++++++++++++++++++++++++++++++++++++++++++++++++++++++++

Function call VAP_INT.interpreter :
The maximum number of program statements
per interpreter call has been exceeded.
The program might contain an endless loop!

current statement:
	sg_red (2)

cycle second 34, simulation second 34, active:
Stage_1 (sec. 34)
+++++++++++++++++++++++++++++++++++++++++++++++++++++++++++++++++

Function call VAP_INT.interpreter :
The maximum number of program statements
per interpreter call has been exceeded.
The program might contain an endless loop!

current statement:
	sg_red (2)

cycle second 35, simulation second 35, active:
Stage_1 (sec. 35)
+++++++++++++++++++++++++++++++++++++++++++++++++++++++++++++++++

Function call VAP_INT.interpreter :
The maximum number of program statements
per interpreter call has been exceeded.
The program might contain an endless loop!

current statement:
	sg_red (2)

cycle second 36, simulation second 36, active:
Stage_1 (sec. 36)
+++++++++++++++++++++++++++++++++++++++++++++++++++++++++++++++++

Function call VAP_INT.interpreter :
The maximum number of program statements
per interpreter call has been exceeded.
The program might contain an endless loop!

current statement:
	sg_red (2)

cycle second 37, simulation second 37, active:
Stage_1 (sec. 37)
+++++++++++++++++++++++++++++++++++++++++++++++++++++++++++++++++

Function call VAP_INT.interpreter :
The maximum number of program statements
per interpreter call has been exceeded.
The program might contain an endless loop!

current statement:
	sg_red (2)

cycle second 38, simulation second 38, active:
Stage_1 (sec. 38)
+++++++++++++++++++++++++++++++++++++++++++++++++++++++++++++++++

Function call VAP_INT.interpreter :
The maximum number of program statements
per interpreter call has been exceeded.
The program might contain an endless loop!

current statement:
	sg_red (2)

cycle second 39, simulation second 39, active:
Stage_1 (sec. 39)
+++++++++++++++++++++++++++++++++++++++++++++++++++++++++++++++++

Function call VAP_INT.interpreter :
The maximum number of program statements
per interpreter call has been exceeded.
The program might contain an endless loop!

current statement:
	sg_red (2)

cycle second 40, simulation second 40, active:
Stage_1 (sec. 40)
+++++++++++++++++++++++++++++++++++++++++++++++++++++++++++++++++

Function call VAP_INT.interpreter :
The maximum number of program statements
per interpreter call has been exceeded.
The program might contain an endless loop!

current statement:
	sg_red (2)

cycle second 41, simulation second 41, active:
Stage_1 (sec. 41)
+++++++++++++++++++++++++++++++++++++++++++++++++++++++++++++++++

Function call VAP_INT.interpreter :
The maximum number of program statements
per interpreter call has been exceeded.
The program might contain an endless loop!

current statement:
	sg_red (2)

cycle second 42, simulation second 42, active:
Stage_1 (sec. 42)
+++++++++++++++++++++++++++++++++++++++++++++++++++++++++++++++++

Function call VAP_INT.interpreter :
The maximum number of program statements
per interpreter call has been exceeded.
The program might contain an endless loop!

current statement:
	sg_red (2)

cycle second 43, simulation second 43, active:
Stage_1 (sec. 43)
+++++++++++++++++++++++++++++++++++++++++++++++++++++++++++++++++

Function call VAP_INT.interpreter :
The maximum number of program statements
per interpreter call has been exceeded.
The program might contain an endless loop!

current statement:
	sg_red (2)

cycle second 44, simulation second 44, active:
Stage_1 (sec. 44)
+++++++++++++++++++++++++++++++++++++++++++++++++++++++++++++++++

Function call VAP_INT.interpreter :
The maximum number of program statements
per interpreter call has been exceeded.
The program might contain an endless loop!

current statement:
	sg_red (2)

cycle second 45, simulation second 45, active:
Stage_1 (sec. 45)
+++++++++++++++++++++++++++++++++++++++++++++++++++++++++++++++++

Function call VAP_INT.interpreter :
The maximum number of program statements
per interpreter call has been exceeded.
The program might contain an endless loop!

current statement:
	sg_red (2)

cycle second 46, simulation second 46, active:
Stage_1 (sec. 46)
+++++++++++++++++++++++++++++++++++++++++++++++++++++++++++++++++

Function call VAP_INT.interpreter :
The maximum number of program statements
per interpreter call has been exceeded.
The program might contain an endless loop!

current statement:
	sg_red (2)

cycle second 47, simulation second 47, active:
Stage_1 (sec. 47)
+++++++++++++++++++++++++++++++++++++++++++++++++++++++++++++++++

Function call VAP_INT.interpreter :
The maximum number of program statements
per interpreter call has been exceeded.
The program might contain an endless loop!

current statement:
	sg_red (2)

cycle second 48, simulation second 48, active:
Stage_1 (sec. 48)
+++++++++++++++++++++++++++++++++++++++++++++++++++++++++++++++++

Function call VAP_INT.interpreter :
The maximum number of program statements
per interpreter call has been exceeded.
The program might contain an endless loop!

current statement:
	sg_red (2)

cycle second 49, simulation second 49, active:
Stage_1 (sec. 49)
+++++++++++++++++++++++++++++++++++++++++++++++++++++++++++++++++

Function call VAP_INT.interpreter :
The maximum number of program statements
per interpreter call has been exceeded.
The program might contain an endless loop!

current statement:
	sg_red (2)

cycle second 50, simulation second 50, active:
Stage_1 (sec. 50)
+++++++++++++++++++++++++++++++++++++++++++++++++++++++++++++++++

Function call VAP_INT.interpreter :
The maximum number of program statements
per interpreter call has been exceeded.
The program might contain an endless loop!

current statement:
S02Z003:	IF (t <= TOTALTIME)

cycle second 51, simulation second 51, active:
Stage_2 (sec. 0)
+++++++++++++++++++++++++++++++++++++++++++++++++++++++++++++++++

Function call VAP_INT.interpreter :
The maximum number of program statements
per interpreter call has been exceeded.
The program might contain an endless loop!

current statement:
S02Z003:	IF (t <= TOTALTIME)

cycle second 52, simulation second 52, active:
Stage_2 (sec. 1)
+++++++++++++++++++++++++++++++++++++++++++++++++++++++++++++++++

Function call VAP_INT.interpreter :
The maximum number of program statements
per interpreter call has been exceeded.
The program might contain an endless loop!

current statement:
S02Z003:	IF (t <= TOTALTIME)

cycle second 53, simulation second 53, active:
Stage_2 (sec. 2)
+++++++++++++++++++++++++++++++++++++++++++++++++++++++++++++++++

Function call VAP_INT.interpreter :
The maximum number of program statements
per interpreter call has been exceeded.
The program might contain an endless loop!

current statement:
S02Z003:	IF (t <= TOTALTIME)

cycle second 54, simulation second 54, active:
Stage_2 (sec. 3)
+++++++++++++++++++++++++++++++++++++++++++++++++++++++++++++++++

Function call VAP_INT.interpreter :
The maximum number of program statements
per interpreter call has been exceeded.
The program might contain an endless loop!

current statement:
S02Z003:	IF (t <= TOTALTIME)

cycle second 55, simulation second 55, active:
Stage_2 (sec. 4)
+++++++++++++++++++++++++++++++++++++++++++++++++++++++++++++++++

Function call VAP_INT.interpreter :
The maximum number of program statements
per interpreter call has been exceeded.
The program might contain an endless loop!

current statement:
S02Z003:	IF (t <= TOTALTIME)

cycle second 56, simulation second 56, active:
Stage_2 (sec. 5)
+++++++++++++++++++++++++++++++++++++++++++++++++++++++++++++++++

Function call VAP_INT.interpreter :
The maximum number of program statements
per interpreter call has been exceeded.
The program might contain an endless loop!

current statement:
S02Z003:	IF (t <= TOTALTIME)

cycle second 57, simulation second 57, active:
Stage_2 (sec. 6)
+++++++++++++++++++++++++++++++++++++++++++++++++++++++++++++++++

Function call VAP_INT.interpreter :
The maximum number of program statements
per interpreter call has been exceeded.
The program might contain an endless loop!

current statement:
S02Z003:	IF (t <= TOTALTIME)

cycle second 58, simulation second 58, active:
Stage_2 (sec. 7)
+++++++++++++++++++++++++++++++++++++++++++++++++++++++++++++++++

Function call VAP_INT.interpreter :
The maximum number of program statements
per interpreter call has been exceeded.
The program might contain an endless loop!

current statement:
S02Z003:	IF (t <= TOTALTIME)

cycle second 59, simulation second 59, active:
Stage_2 (sec. 8)
+++++++++++++++++++++++++++++++++++++++++++++++++++++++++++++++++

Function call VAP_INT.interpreter :
The maximum number of program statements
per interpreter call has been exceeded.
The program might contain an endless loop!

current statement:
S02Z003:	IF (t <= TOTALTIME)

cycle second 60, simulation second 60, active:
Stage_2 (sec. 9)
+++++++++++++++++++++++++++++++++++++++++++++++++++++++++++++++++

Function call VAP_INT.interpreter :
The maximum number of program statements
per interpreter call has been exceeded.
The program might contain an endless loop!

current statement:
S02Z003:	IF (t <= TOTALTIME)

cycle second 61, simulation second 61, active:
Stage_2 (sec. 10)
+++++++++++++++++++++++++++++++++++++++++++++++++++++++++++++++++

Function call VAP_INT.interpreter :
The maximum number of program statements
per interpreter call has been exceeded.
The program might contain an endless loop!

current statement:
S02Z003:	IF (t <= TOTALTIME)

cycle second 62, simulation second 62, active:
Stage_2 (sec. 11)
+++++++++++++++++++++++++++++++++++++++++++++++++++++++++++++++++

Function call VAP_INT.interpreter :
The maximum number of program statements
per interpreter call has been exceeded.
The program might contain an endless loop!

current statement:
S02Z003:	IF (t <= TOTALTIME)

cycle second 63, simulation second 63, active:
Stage_2 (sec. 12)
+++++++++++++++++++++++++++++++++++++++++++++++++++++++++++++++++

Function call VAP_INT.interpreter :
The maximum number of program statements
per interpreter call has been exceeded.
The program might contain an endless loop!

current statement:
S02Z003:	IF (t <= TOTALTIME)

cycle second 64, simulation second 64, active:
Stage_2 (sec. 13)
+++++++++++++++++++++++++++++++++++++++++++++++++++++++++++++++++

Function call VAP_INT.interpreter :
The maximum number of program statements
per interpreter call has been exceeded.
The program might contain an endless loop!

current statement:
S02Z003:	IF (t <= TOTALTIME)

cycle second 65, simulation second 65, active:
Stage_2 (sec. 14)
+++++++++++++++++++++++++++++++++++++++++++++++++++++++++++++++++

Function call VAP_INT.interpreter :
The maximum number of program statements
per interpreter call has been exceeded.
The program might contain an endless loop!

current statement:
S02Z003:	IF (t <= TOTALTIME)

cycle second 66, simulation second 66, active:
Stage_2 (sec. 15)
+++++++++++++++++++++++++++++++++++++++++++++++++++++++++++++++++

Function call VAP_INT.interpreter :
The maximum number of program statements
per interpreter call has been exceeded.
The program might contain an endless loop!

current statement:
S02Z003:	IF (t <= TOTALTIME)

cycle second 67, simulation second 67, active:
Stage_2 (sec. 16)
+++++++++++++++++++++++++++++++++++++++++++++++++++++++++++++++++

Function call VAP_INT.interpreter :
The maximum number of program statements
per interpreter call has been exceeded.
The program might contain an endless loop!

current statement:
S02Z003:	IF (t <= TOTALTIME)

cycle second 68, simulation second 68, active:
Stage_2 (sec. 17)
+++++++++++++++++++++++++++++++++++++++++++++++++++++++++++++++++

Function call VAP_INT.interpreter :
The maximum number of program statements
per interpreter call has been exceeded.
The program might contain an endless loop!

current statement:
S02Z003:	IF (t <= TOTALTIME)

cycle second 69, simulation second 69, active:
Stage_2 (sec. 18)
+++++++++++++++++++++++++++++++++++++++++++++++++++++++++++++++++

Function call VAP_INT.interpreter :
The maximum number of program statements
per interpreter call has been exceeded.
The program might contain an endless loop!

current statement:
S02Z003:	IF (t <= TOTALTIME)

cycle second 70, simulation second 70, active:
Stage_2 (sec. 19)
+++++++++++++++++++++++++++++++++++++++++++++++++++++++++++++++++

Function call VAP_INT.interpreter :
The maximum number of program statements
per interpreter call has been exceeded.
The program might contain an endless loop!

current statement:
S02Z003:	IF (t <= TOTALTIME)

cycle second 71, simulation second 71, active:
Stage_2 (sec. 20)
+++++++++++++++++++++++++++++++++++++++++++++++++++++++++++++++++

Function call VAP_INT.interpreter :
The maximum number of program statements
per interpreter call has been exceeded.
The program might contain an endless loop!

current statement:
S02Z003:	IF (t <= TOTALTIME)

cycle second 72, simulation second 72, active:
Stage_2 (sec. 21)
+++++++++++++++++++++++++++++++++++++++++++++++++++++++++++++++++

Function call VAP_INT.interpreter :
The maximum number of program statements
per interpreter call has been exceeded.
The program might contain an endless loop!

current statement:
S02Z003:	IF (t <= TOTALTIME)

cycle second 73, simulation second 73, active:
Stage_2 (sec. 22)
+++++++++++++++++++++++++++++++++++++++++++++++++++++++++++++++++

Function call VAP_INT.interpreter :
The maximum number of program statements
per interpreter call has been exceeded.
The program might contain an endless loop!

current statement:
S02Z003:	IF (t <= TOTALTIME)

cycle second 74, simulation second 74, active:
Stage_2 (sec. 23)
+++++++++++++++++++++++++++++++++++++++++++++++++++++++++++++++++

Function call VAP_INT.interpreter :
The maximum number of program statements
per interpreter call has been exceeded.
The program might contain an endless loop!

current statement:
S02Z003:	IF (t <= TOTALTIME)

cycle second 75, simulation second 75, active:
Stage_2 (sec. 24)
+++++++++++++++++++++++++++++++++++++++++++++++++++++++++++++++++

Function call VAP_INT.interpreter :
The maximum number of program statements
per interpreter call has been exceeded.
The program might contain an endless loop!

current statement:
S02Z003:	IF (t <= TOTALTIME)

cycle second 76, simulation second 76, active:
Stage_2 (sec. 25)
+++++++++++++++++++++++++++++++++++++++++++++++++++++++++++++++++

Function call VAP_INT.interpreter :
The maximum number of program statements
per interpreter call has been exceeded.
The program might contain an endless loop!

current statement:
S02Z003:	IF (t <= TOTALTIME)

cycle second 77, simulation second 77, active:
Stage_2 (sec. 26)
+++++++++++++++++++++++++++++++++++++++++++++++++++++++++++++++++

Function call VAP_INT.interpreter :
The maximum number of program statements
per interpreter call has been exceeded.
The program might contain an endless loop!

current statement:
S02Z003:	IF (t <= TOTALTIME)

cycle second 78, simulation second 78, active:
Stage_2 (sec. 27)
+++++++++++++++++++++++++++++++++++++++++++++++++++++++++++++++++

Function call VAP_INT.interpreter :
The maximum number of program statements
per interpreter call has been exceeded.
The program might contain an endless loop!

current statement:
S02Z003:	IF (t <= TOTALTIME)

cycle second 79, simulation second 79, active:
Stage_2 (sec. 28)
+++++++++++++++++++++++++++++++++++++++++++++++++++++++++++++++++

Function call VAP_INT.interpreter :
The maximum number of program statements
per interpreter call has been exceeded.
The program might contain an endless loop!

current statement:
S02Z003:	IF (t <= TOTALTIME)

cycle second 80, simulation second 80, active:
Stage_2 (sec. 29)
+++++++++++++++++++++++++++++++++++++++++++++++++++++++++++++++++

Function call VAP_INT.interpreter :
The maximum number of program statements
per interpreter call has been exceeded.
The program might contain an endless loop!

current statement:
	sg_red (2)

cycle second 1, simulation second 81, active:
Stage_1 (sec. 0)
+++++++++++++++++++++++++++++++++++++++++++++++++++++++++++++++++

Function call VAP_INT.interpreter :
The maximum number of program statements
per interpreter call has been exceeded.
The program might contain an endless loop!

current statement:
	sg_red (2)

cycle second 2, simulation second 82, active:
Stage_1 (sec. 1)
+++++++++++++++++++++++++++++++++++++++++++++++++++++++++++++++++

Function call VAP_INT.interpreter :
The maximum number of program statements
per interpreter call has been exceeded.
The program might contain an endless loop!

current statement:
	sg_red (2)

cycle second 3, simulation second 83, active:
Stage_1 (sec. 2)
+++++++++++++++++++++++++++++++++++++++++++++++++++++++++++++++++

Function call VAP_INT.interpreter :
The maximum number of program statements
per interpreter call has been exceeded.
The program might contain an endless loop!

current statement:
	sg_red (2)

cycle second 4, simulation second 84, active:
Stage_1 (sec. 3)
+++++++++++++++++++++++++++++++++++++++++++++++++++++++++++++++++

Function call VAP_INT.interpreter :
The maximum number of program statements
per interpreter call has been exceeded.
The program might contain an endless loop!

current statement:
	sg_red (2)

cycle second 5, simulation second 85, active:
Stage_1 (sec. 4)
+++++++++++++++++++++++++++++++++++++++++++++++++++++++++++++++++

Function call VAP_INT.interpreter :
The maximum number of program statements
per interpreter call has been exceeded.
The program might contain an endless loop!

current statement:
	sg_red (2)

cycle second 6, simulation second 86, active:
Stage_1 (sec. 5)
+++++++++++++++++++++++++++++++++++++++++++++++++++++++++++++++++

Function call VAP_INT.interpreter :
The maximum number of program statements
per interpreter call has been exceeded.
The program might contain an endless loop!

current statement:
	sg_red (2)

cycle second 7, simulation second 87, active:
Stage_1 (sec. 6)
+++++++++++++++++++++++++++++++++++++++++++++++++++++++++++++++++

Function call VAP_INT.interpreter :
The maximum number of program statements
per interpreter call has been exceeded.
The program might contain an endless loop!

current statement:
	sg_red (2)

cycle second 8, simulation second 88, active:
Stage_1 (sec. 7)
+++++++++++++++++++++++++++++++++++++++++++++++++++++++++++++++++

Function call VAP_INT.interpreter :
The maximum number of program statements
per interpreter call has been exceeded.
The program might contain an endless loop!

current statement:
	sg_red (2)

cycle second 9, simulation second 89, active:
Stage_1 (sec. 8)
+++++++++++++++++++++++++++++++++++++++++++++++++++++++++++++++++

Function call VAP_INT.interpreter :
The maximum number of program statements
per interpreter call has been exceeded.
The program might contain an endless loop!

current statement:
	sg_red (2)

cycle second 10, simulation second 90, active:
Stage_1 (sec. 9)
+++++++++++++++++++++++++++++++++++++++++++++++++++++++++++++++++

Function call VAP_INT.interpreter :
The maximum number of program statements
per interpreter call has been exceeded.
The program might contain an endless loop!

current statement:
	sg_red (2)

cycle second 11, simulation second 91, active:
Stage_1 (sec. 10)
+++++++++++++++++++++++++++++++++++++++++++++++++++++++++++++++++

Function call VAP_INT.interpreter :
The maximum number of program statements
per interpreter call has been exceeded.
The program might contain an endless loop!

current statement:
	sg_red (2)

cycle second 12, simulation second 92, active:
Stage_1 (sec. 11)
+++++++++++++++++++++++++++++++++++++++++++++++++++++++++++++++++

Function call VAP_INT.interpreter :
The maximum number of program statements
per interpreter call has been exceeded.
The program might contain an endless loop!

current statement:
	sg_red (2)

cycle second 13, simulation second 93, active:
Stage_1 (sec. 12)
+++++++++++++++++++++++++++++++++++++++++++++++++++++++++++++++++

Function call VAP_INT.interpreter :
The maximum number of program statements
per interpreter call has been exceeded.
The program might contain an endless loop!

current statement:
	sg_red (2)

cycle second 14, simulation second 94, active:
Stage_1 (sec. 13)
+++++++++++++++++++++++++++++++++++++++++++++++++++++++++++++++++

Function call VAP_INT.interpreter :
The maximum number of program statements
per interpreter call has been exceeded.
The program might contain an endless loop!

current statement:
	sg_red (2)

cycle second 15, simulation second 95, active:
Stage_1 (sec. 14)
+++++++++++++++++++++++++++++++++++++++++++++++++++++++++++++++++

Function call VAP_INT.interpreter :
The maximum number of program statements
per interpreter call has been exceeded.
The program might contain an endless loop!

current statement:
	sg_red (2)

cycle second 16, simulation second 96, active:
Stage_1 (sec. 15)
+++++++++++++++++++++++++++++++++++++++++++++++++++++++++++++++++

Function call VAP_INT.interpreter :
The maximum number of program statements
per interpreter call has been exceeded.
The program might contain an endless loop!

current statement:
	sg_red (2)

cycle second 17, simulation second 97, active:
Stage_1 (sec. 16)
+++++++++++++++++++++++++++++++++++++++++++++++++++++++++++++++++

Function call VAP_INT.interpreter :
The maximum number of program statements
per interpreter call has been exceeded.
The program might contain an endless loop!

current statement:
	sg_red (2)

cycle second 18, simulation second 98, active:
Stage_1 (sec. 17)
+++++++++++++++++++++++++++++++++++++++++++++++++++++++++++++++++

Function call VAP_INT.interpreter :
The maximum number of program statements
per interpreter call has been exceeded.
The program might contain an endless loop!

current statement:
	sg_red (2)

cycle second 19, simulation second 99, active:
Stage_1 (sec. 18)
+++++++++++++++++++++++++++++++++++++++++++++++++++++++++++++++++

Function call VAP_INT.interpreter :
The maximum number of program statements
per interpreter call has been exceeded.
The program might contain an endless loop!

current statement:
	sg_red (2)

cycle second 20, simulation second 100, active:
Stage_1 (sec. 19)
+++++++++++++++++++++++++++++++++++++++++++++++++++++++++++++++++

Function call VAP_INT.interpreter :
The maximum number of program statements
per interpreter call has been exceeded.
The program might contain an endless loop!

current statement:
	sg_red (2)

cycle second 21, simulation second 101, active:
Stage_1 (sec. 20)
+++++++++++++++++++++++++++++++++++++++++++++++++++++++++++++++++

Function call VAP_INT.interpreter :
The maximum number of program statements
per interpreter call has been exceeded.
The program might contain an endless loop!

current statement:
	sg_red (2)

cycle second 22, simulation second 102, active:
Stage_1 (sec. 21)
+++++++++++++++++++++++++++++++++++++++++++++++++++++++++++++++++

Function call VAP_INT.interpreter :
The maximum number of program statements
per interpreter call has been exceeded.
The program might contain an endless loop!

current statement:
	sg_red (2)

cycle second 23, simulation second 103, active:
Stage_1 (sec. 22)
+++++++++++++++++++++++++++++++++++++++++++++++++++++++++++++++++

Function call VAP_INT.interpreter :
The maximum number of program statements
per interpreter call has been exceeded.
The program might contain an endless loop!

current statement:
	sg_red (2)

cycle second 24, simulation second 104, active:
Stage_1 (sec. 23)
+++++++++++++++++++++++++++++++++++++++++++++++++++++++++++++++++

Function call VAP_INT.interpreter :
The maximum number of program statements
per interpreter call has been exceeded.
The program might contain an endless loop!

current statement:
	sg_red (2)

cycle second 25, simulation second 105, active:
Stage_1 (sec. 24)
+++++++++++++++++++++++++++++++++++++++++++++++++++++++++++++++++

Function call VAP_INT.interpreter :
The maximum number of program statements
per interpreter call has been exceeded.
The program might contain an endless loop!

current statement:
	sg_red (2)

cycle second 26, simulation second 106, active:
Stage_1 (sec. 25)
+++++++++++++++++++++++++++++++++++++++++++++++++++++++++++++++++

Function call VAP_INT.interpreter :
The maximum number of program statements
per interpreter call has been exceeded.
The program might contain an endless loop!

current statement:
	sg_red (2)

cycle second 27, simulation second 107, active:
Stage_1 (sec. 26)
+++++++++++++++++++++++++++++++++++++++++++++++++++++++++++++++++

Function call VAP_INT.interpreter :
The maximum number of program statements
per interpreter call has been exceeded.
The program might contain an endless loop!

current statement:
	sg_red (2)

cycle second 28, simulation second 108, active:
Stage_1 (sec. 27)
+++++++++++++++++++++++++++++++++++++++++++++++++++++++++++++++++

Function call VAP_INT.interpreter :
The maximum number of program statements
per interpreter call has been exceeded.
The program might contain an endless loop!

current statement:
	sg_red (2)

cycle second 29, simulation second 109, active:
Stage_1 (sec. 28)
+++++++++++++++++++++++++++++++++++++++++++++++++++++++++++++++++

Function call VAP_INT.interpreter :
The maximum number of program statements
per interpreter call has been exceeded.
The program might contain an endless loop!

current statement:
	sg_red (2)

cycle second 30, simulation second 110, active:
Stage_1 (sec. 29)
+++++++++++++++++++++++++++++++++++++++++++++++++++++++++++++++++

Function call VAP_INT.interpreter :
The maximum number of program statements
per interpreter call has been exceeded.
The program might contain an endless loop!

current statement:
	sg_red (2)

cycle second 31, simulation second 111, active:
Stage_1 (sec. 30)
+++++++++++++++++++++++++++++++++++++++++++++++++++++++++++++++++

Function call VAP_INT.interpreter :
The maximum number of program statements
per interpreter call has been exceeded.
The program might contain an endless loop!

current statement:
	sg_red (2)

cycle second 32, simulation second 112, active:
Stage_1 (sec. 31)
+++++++++++++++++++++++++++++++++++++++++++++++++++++++++++++++++

Function call VAP_INT.interpreter :
The maximum number of program statements
per interpreter call has been exceeded.
The program might contain an endless loop!

current statement:
	sg_red (2)

cycle second 33, simulation second 113, active:
Stage_1 (sec. 32)
+++++++++++++++++++++++++++++++++++++++++++++++++++++++++++++++++

Function call VAP_INT.interpreter :
The maximum number of program statements
per interpreter call has been exceeded.
The program might contain an endless loop!

current statement:
	sg_red (2)

cycle second 34, simulation second 114, active:
Stage_1 (sec. 33)
+++++++++++++++++++++++++++++++++++++++++++++++++++++++++++++++++

Function call VAP_INT.interpreter :
The maximum number of program statements
per interpreter call has been exceeded.
The program might contain an endless loop!

current statement:
	sg_red (2)

cycle second 35, simulation second 115, active:
Stage_1 (sec. 34)
+++++++++++++++++++++++++++++++++++++++++++++++++++++++++++++++++

Function call VAP_INT.interpreter :
The maximum number of program statements
per interpreter call has been exceeded.
The program might contain an endless loop!

current statement:
	sg_red (2)

cycle second 36, simulation second 116, active:
Stage_1 (sec. 35)
+++++++++++++++++++++++++++++++++++++++++++++++++++++++++++++++++

Function call VAP_INT.interpreter :
The maximum number of program statements
per interpreter call has been exceeded.
The program might contain an endless loop!

current statement:
	sg_red (2)

cycle second 37, simulation second 117, active:
Stage_1 (sec. 36)
+++++++++++++++++++++++++++++++++++++++++++++++++++++++++++++++++

Function call VAP_INT.interpreter :
The maximum number of program statements
per interpreter call has been exceeded.
The program might contain an endless loop!

current statement:
	sg_red (2)

cycle second 38, simulation second 118, active:
Stage_1 (sec. 37)
+++++++++++++++++++++++++++++++++++++++++++++++++++++++++++++++++

Function call VAP_INT.interpreter :
The maximum number of program statements
per interpreter call has been exceeded.
The program might contain an endless loop!

current statement:
	sg_red (2)

cycle second 39, simulation second 119, active:
Stage_1 (sec. 38)
+++++++++++++++++++++++++++++++++++++++++++++++++++++++++++++++++

Function call VAP_INT.interpreter :
The maximum number of program statements
per interpreter call has been exceeded.
The program might contain an endless loop!

current statement:
	sg_red (2)

cycle second 40, simulation second 120, active:
Stage_1 (sec. 39)
+++++++++++++++++++++++++++++++++++++++++++++++++++++++++++++++++

Function call VAP_INT.interpreter :
The maximum number of program statements
per interpreter call has been exceeded.
The program might contain an endless loop!

current statement:
	sg_red (2)

cycle second 41, simulation second 121, active:
Stage_1 (sec. 40)
+++++++++++++++++++++++++++++++++++++++++++++++++++++++++++++++++

Function call VAP_INT.interpreter :
The maximum number of program statements
per interpreter call has been exceeded.
The program might contain an endless loop!

current statement:
	sg_red (2)

cycle second 42, simulation second 122, active:
Stage_1 (sec. 41)
+++++++++++++++++++++++++++++++++++++++++++++++++++++++++++++++++

Function call VAP_INT.interpreter :
The maximum number of program statements
per interpreter call has been exceeded.
The program might contain an endless loop!

current statement:
	sg_red (2)

cycle second 43, simulation second 123, active:
Stage_1 (sec. 42)
+++++++++++++++++++++++++++++++++++++++++++++++++++++++++++++++++

Function call VAP_INT.interpreter :
The maximum number of program statements
per interpreter call has been exceeded.
The program might contain an endless loop!

current statement:
	sg_red (2)

cycle second 44, simulation second 124, active:
Stage_1 (sec. 43)
+++++++++++++++++++++++++++++++++++++++++++++++++++++++++++++++++

Function call VAP_INT.interpreter :
The maximum number of program statements
per interpreter call has been exceeded.
The program might contain an endless loop!

current statement:
	sg_red (2)

cycle second 45, simulation second 125, active:
Stage_1 (sec. 44)
+++++++++++++++++++++++++++++++++++++++++++++++++++++++++++++++++

Function call VAP_INT.interpreter :
The maximum number of program statements
per interpreter call has been exceeded.
The program might contain an endless loop!

current statement:
	sg_red (2)

cycle second 46, simulation second 126, active:
Stage_1 (sec. 45)
+++++++++++++++++++++++++++++++++++++++++++++++++++++++++++++++++

Function call VAP_INT.interpreter :
The maximum number of program statements
per interpreter call has been exceeded.
The program might contain an endless loop!

current statement:
	sg_red (2)

cycle second 47, simulation second 127, active:
Stage_1 (sec. 46)
+++++++++++++++++++++++++++++++++++++++++++++++++++++++++++++++++

Function call VAP_INT.interpreter :
The maximum number of program statements
per interpreter call has been exceeded.
The program might contain an endless loop!

current statement:
	sg_red (2)

cycle second 48, simulation second 128, active:
Stage_1 (sec. 47)
+++++++++++++++++++++++++++++++++++++++++++++++++++++++++++++++++

Function call VAP_INT.interpreter :
The maximum number of program statements
per interpreter call has been exceeded.
The program might contain an endless loop!

current statement:
	sg_red (2)

cycle second 49, simulation second 129, active:
Stage_1 (sec. 48)
+++++++++++++++++++++++++++++++++++++++++++++++++++++++++++++++++

Function call VAP_INT.interpreter :
The maximum number of program statements
per interpreter call has been exceeded.
The program might contain an endless loop!

current statement:
	sg_red (2)

cycle second 50, simulation second 130, active:
Stage_1 (sec. 49)
+++++++++++++++++++++++++++++++++++++++++++++++++++++++++++++++++

Function call VAP_INT.interpreter :
The maximum number of program statements
per interpreter call has been exceeded.
The program might contain an endless loop!

current statement:
S02Z003:	IF (t <= TOTALTIME)

cycle second 51, simulation second 131, active:
Stage_2 (sec. 0)
+++++++++++++++++++++++++++++++++++++++++++++++++++++++++++++++++

Function call VAP_INT.interpreter :
The maximum number of program statements
per interpreter call has been exceeded.
The program might contain an endless loop!

current statement:
S02Z003:	IF (t <= TOTALTIME)

cycle second 52, simulation second 132, active:
Stage_2 (sec. 1)
+++++++++++++++++++++++++++++++++++++++++++++++++++++++++++++++++

Function call VAP_INT.interpreter :
The maximum number of program statements
per interpreter call has been exceeded.
The program might contain an endless loop!

current statement:
S02Z003:	IF (t <= TOTALTIME)

cycle second 53, simulation second 133, active:
Stage_2 (sec. 2)
+++++++++++++++++++++++++++++++++++++++++++++++++++++++++++++++++

Function call VAP_INT.interpreter :
The maximum number of program statements
per interpreter call has been exceeded.
The program might contain an endless loop!

current statement:
S02Z003:	IF (t <= TOTALTIME)

cycle second 54, simulation second 134, active:
Stage_2 (sec. 3)
+++++++++++++++++++++++++++++++++++++++++++++++++++++++++++++++++

Function call VAP_INT.interpreter :
The maximum number of program statements
per interpreter call has been exceeded.
The program might contain an endless loop!

current statement:
S02Z003:	IF (t <= TOTALTIME)

cycle second 55, simulation second 135, active:
Stage_2 (sec. 4)
+++++++++++++++++++++++++++++++++++++++++++++++++++++++++++++++++

Function call VAP_INT.interpreter :
The maximum number of program statements
per interpreter call has been exceeded.
The program might contain an endless loop!

current statement:
S02Z003:	IF (t <= TOTALTIME)

cycle second 56, simulation second 136, active:
Stage_2 (sec. 5)
+++++++++++++++++++++++++++++++++++++++++++++++++++++++++++++++++

Function call VAP_INT.interpreter :
The maximum number of program statements
per interpreter call has been exceeded.
The program might contain an endless loop!

current statement:
S02Z003:	IF (t <= TOTALTIME)

cycle second 57, simulation second 137, active:
Stage_2 (sec. 6)
+++++++++++++++++++++++++++++++++++++++++++++++++++++++++++++++++

Function call VAP_INT.interpreter :
The maximum number of program statements
per interpreter call has been exceeded.
The program might contain an endless loop!

current statement:
S02Z003:	IF (t <= TOTALTIME)

cycle second 58, simulation second 138, active:
Stage_2 (sec. 7)
+++++++++++++++++++++++++++++++++++++++++++++++++++++++++++++++++

Function call VAP_INT.interpreter :
The maximum number of program statements
per interpreter call has been exceeded.
The program might contain an endless loop!

current statement:
S02Z003:	IF (t <= TOTALTIME)

cycle second 59, simulation second 139, active:
Stage_2 (sec. 8)
+++++++++++++++++++++++++++++++++++++++++++++++++++++++++++++++++

Function call VAP_INT.interpreter :
The maximum number of program statements
per interpreter call has been exceeded.
The program might contain an endless loop!

current statement:
S02Z003:	IF (t <= TOTALTIME)

cycle second 60, simulation second 140, active:
Stage_2 (sec. 9)
+++++++++++++++++++++++++++++++++++++++++++++++++++++++++++++++++

Function call VAP_INT.interpreter :
The maximum number of program statements
per interpreter call has been exceeded.
The program might contain an endless loop!

current statement:
S02Z003:	IF (t <= TOTALTIME)

cycle second 61, simulation second 141, active:
Stage_2 (sec. 10)
+++++++++++++++++++++++++++++++++++++++++++++++++++++++++++++++++

Function call VAP_INT.interpreter :
The maximum number of program statements
per interpreter call has been exceeded.
The program might contain an endless loop!

current statement:
S02Z003:	IF (t <= TOTALTIME)

cycle second 62, simulation second 142, active:
Stage_2 (sec. 11)
+++++++++++++++++++++++++++++++++++++++++++++++++++++++++++++++++

Function call VAP_INT.interpreter :
The maximum number of program statements
per interpreter call has been exceeded.
The program might contain an endless loop!

current statement:
S02Z003:	IF (t <= TOTALTIME)

cycle second 63, simulation second 143, active:
Stage_2 (sec. 12)
+++++++++++++++++++++++++++++++++++++++++++++++++++++++++++++++++

Function call VAP_INT.interpreter :
The maximum number of program statements
per interpreter call has been exceeded.
The program might contain an endless loop!

current statement:
S02Z003:	IF (t <= TOTALTIME)

cycle second 64, simulation second 144, active:
Stage_2 (sec. 13)
+++++++++++++++++++++++++++++++++++++++++++++++++++++++++++++++++

Function call VAP_INT.interpreter :
The maximum number of program statements
per interpreter call has been exceeded.
The program might contain an endless loop!

current statement:
S02Z003:	IF (t <= TOTALTIME)

cycle second 65, simulation second 145, active:
Stage_2 (sec. 14)
+++++++++++++++++++++++++++++++++++++++++++++++++++++++++++++++++

Function call VAP_INT.interpreter :
The maximum number of program statements
per interpreter call has been exceeded.
The program might contain an endless loop!

current statement:
S02Z003:	IF (t <= TOTALTIME)

cycle second 66, simulation second 146, active:
Stage_2 (sec. 15)
+++++++++++++++++++++++++++++++++++++++++++++++++++++++++++++++++

Function call VAP_INT.interpreter :
The maximum number of program statements
per interpreter call has been exceeded.
The program might contain an endless loop!

current statement:
S02Z003:	IF (t <= TOTALTIME)

cycle second 67, simulation second 147, active:
Stage_2 (sec. 16)
+++++++++++++++++++++++++++++++++++++++++++++++++++++++++++++++++

Function call VAP_INT.interpreter :
The maximum number of program statements
per interpreter call has been exceeded.
The program might contain an endless loop!

current statement:
S02Z003:	IF (t <= TOTALTIME)

cycle second 68, simulation second 148, active:
Stage_2 (sec. 17)
+++++++++++++++++++++++++++++++++++++++++++++++++++++++++++++++++

Function call VAP_INT.interpreter :
The maximum number of program statements
per interpreter call has been exceeded.
The program might contain an endless loop!

current statement:
S02Z003:	IF (t <= TOTALTIME)

cycle second 69, simulation second 149, active:
Stage_2 (sec. 18)
+++++++++++++++++++++++++++++++++++++++++++++++++++++++++++++++++

Function call VAP_INT.interpreter :
The maximum number of program statements
per interpreter call has been exceeded.
The program might contain an endless loop!

current statement:
S02Z003:	IF (t <= TOTALTIME)

cycle second 70, simulation second 150, active:
Stage_2 (sec. 19)
+++++++++++++++++++++++++++++++++++++++++++++++++++++++++++++++++

Function call VAP_INT.interpreter :
The maximum number of program statements
per interpreter call has been exceeded.
The program might contain an endless loop!

current statement:
S02Z003:	IF (t <= TOTALTIME)

cycle second 71, simulation second 151, active:
Stage_2 (sec. 20)
+++++++++++++++++++++++++++++++++++++++++++++++++++++++++++++++++

Function call VAP_INT.interpreter :
The maximum number of program statements
per interpreter call has been exceeded.
The program might contain an endless loop!

current statement:
S02Z003:	IF (t <= TOTALTIME)

cycle second 72, simulation second 152, active:
Stage_2 (sec. 21)
+++++++++++++++++++++++++++++++++++++++++++++++++++++++++++++++++

Function call VAP_INT.interpreter :
The maximum number of program statements
per interpreter call has been exceeded.
The program might contain an endless loop!

current statement:
S02Z003:	IF (t <= TOTALTIME)

cycle second 73, simulation second 153, active:
Stage_2 (sec. 22)
+++++++++++++++++++++++++++++++++++++++++++++++++++++++++++++++++

Function call VAP_INT.interpreter :
The maximum number of program statements
per interpreter call has been exceeded.
The program might contain an endless loop!

current statement:
S02Z003:	IF (t <= TOTALTIME)

cycle second 74, simulation second 154, active:
Stage_2 (sec. 23)
+++++++++++++++++++++++++++++++++++++++++++++++++++++++++++++++++

Function call VAP_INT.interpreter :
The maximum number of program statements
per interpreter call has been exceeded.
The program might contain an endless loop!

current statement:
S02Z003:	IF (t <= TOTALTIME)

cycle second 75, simulation second 155, active:
Stage_2 (sec. 24)
+++++++++++++++++++++++++++++++++++++++++++++++++++++++++++++++++

Function call VAP_INT.interpreter :
The maximum number of program statements
per interpreter call has been exceeded.
The program might contain an endless loop!

current statement:
S02Z003:	IF (t <= TOTALTIME)

cycle second 76, simulation second 156, active:
Stage_2 (sec. 25)
+++++++++++++++++++++++++++++++++++++++++++++++++++++++++++++++++

Function call VAP_INT.interpreter :
The maximum number of program statements
per interpreter call has been exceeded.
The program might contain an endless loop!

current statement:
S02Z003:	IF (t <= TOTALTIME)

cycle second 77, simulation second 157, active:
Stage_2 (sec. 26)
+++++++++++++++++++++++++++++++++++++++++++++++++++++++++++++++++

Function call VAP_INT.interpreter :
The maximum number of program statements
per interpreter call has been exceeded.
The program might contain an endless loop!

current statement:
S02Z003:	IF (t <= TOTALTIME)

cycle second 78, simulation second 158, active:
Stage_2 (sec. 27)
+++++++++++++++++++++++++++++++++++++++++++++++++++++++++++++++++

Function call VAP_INT.interpreter :
The maximum number of program statements
per interpreter call has been exceeded.
The program might contain an endless loop!

current statement:
S02Z003:	IF (t <= TOTALTIME)

cycle second 79, simulation second 159, active:
Stage_2 (sec. 28)
+++++++++++++++++++++++++++++++++++++++++++++++++++++++++++++++++

Function call VAP_INT.interpreter :
The maximum number of program statements
per interpreter call has been exceeded.
The program might contain an endless loop!

current statement:
S02Z003:	IF (t <= TOTALTIME)

cycle second 80, simulation second 160, active:
Stage_2 (sec. 29)
+++++++++++++++++++++++++++++++++++++++++++++++++++++++++++++++++

Function call VAP_INT.interpreter :
The maximum number of program statements
per interpreter call has been exceeded.
The program might contain an endless loop!

current statement:
	sg_red (2)

cycle second 1, simulation second 161, active:
Stage_1 (sec. 0)
+++++++++++++++++++++++++++++++++++++++++++++++++++++++++++++++++

Function call VAP_INT.interpreter :
The maximum number of program statements
per interpreter call has been exceeded.
The program might contain an endless loop!

current statement:
	sg_red (2)

cycle second 2, simulation second 162, active:
Stage_1 (sec. 1)
+++++++++++++++++++++++++++++++++++++++++++++++++++++++++++++++++

Function call VAP_INT.interpreter :
The maximum number of program statements
per interpreter call has been exceeded.
The program might contain an endless loop!

current statement:
	sg_red (2)

cycle second 3, simulation second 163, active:
Stage_1 (sec. 2)
+++++++++++++++++++++++++++++++++++++++++++++++++++++++++++++++++

Function call VAP_INT.interpreter :
The maximum number of program statements
per interpreter call has been exceeded.
The program might contain an endless loop!

current statement:
	sg_red (2)

cycle second 4, simulation second 164, active:
Stage_1 (sec. 3)
+++++++++++++++++++++++++++++++++++++++++++++++++++++++++++++++++

Function call VAP_INT.interpreter :
The maximum number of program statements
per interpreter call has been exceeded.
The program might contain an endless loop!

current statement:
	sg_red (2)

cycle second 5, simulation second 165, active:
Stage_1 (sec. 4)
+++++++++++++++++++++++++++++++++++++++++++++++++++++++++++++++++

Function call VAP_INT.interpreter :
The maximum number of program statements
per interpreter call has been exceeded.
The program might contain an endless loop!

current statement:
	sg_red (2)

cycle second 6, simulation second 166, active:
Stage_1 (sec. 5)
+++++++++++++++++++++++++++++++++++++++++++++++++++++++++++++++++

Function call VAP_INT.interpreter :
The maximum number of program statements
per interpreter call has been exceeded.
The program might contain an endless loop!

current statement:
	sg_red (2)

cycle second 7, simulation second 167, active:
Stage_1 (sec. 6)
+++++++++++++++++++++++++++++++++++++++++++++++++++++++++++++++++

Function call VAP_INT.interpreter :
The maximum number of program statements
per interpreter call has been exceeded.
The program might contain an endless loop!

current statement:
	sg_red (2)

cycle second 8, simulation second 168, active:
Stage_1 (sec. 7)
+++++++++++++++++++++++++++++++++++++++++++++++++++++++++++++++++

Function call VAP_INT.interpreter :
The maximum number of program statements
per interpreter call has been exceeded.
The program might contain an endless loop!

current statement:
	sg_red (2)

cycle second 9, simulation second 169, active:
Stage_1 (sec. 8)
+++++++++++++++++++++++++++++++++++++++++++++++++++++++++++++++++

Function call VAP_INT.interpreter :
The maximum number of program statements
per interpreter call has been exceeded.
The program might contain an endless loop!

current statement:
	sg_red (2)

cycle second 10, simulation second 170, active:
Stage_1 (sec. 9)
+++++++++++++++++++++++++++++++++++++++++++++++++++++++++++++++++

Function call VAP_INT.interpreter :
The maximum number of program statements
per interpreter call has been exceeded.
The program might contain an endless loop!

current statement:
	sg_red (2)

cycle second 11, simulation second 171, active:
Stage_1 (sec. 10)
+++++++++++++++++++++++++++++++++++++++++++++++++++++++++++++++++

Function call VAP_INT.interpreter :
The maximum number of program statements
per interpreter call has been exceeded.
The program might contain an endless loop!

current statement:
	sg_red (2)

cycle second 12, simulation second 172, active:
Stage_1 (sec. 11)
+++++++++++++++++++++++++++++++++++++++++++++++++++++++++++++++++

Function call VAP_INT.interpreter :
The maximum number of program statements
per interpreter call has been exceeded.
The program might contain an endless loop!

current statement:
	sg_red (2)

cycle second 13, simulation second 173, active:
Stage_1 (sec. 12)
+++++++++++++++++++++++++++++++++++++++++++++++++++++++++++++++++

Function call VAP_INT.interpreter :
The maximum number of program statements
per interpreter call has been exceeded.
The program might contain an endless loop!

current statement:
	sg_red (2)

cycle second 14, simulation second 174, active:
Stage_1 (sec. 13)
+++++++++++++++++++++++++++++++++++++++++++++++++++++++++++++++++

Function call VAP_INT.interpreter :
The maximum number of program statements
per interpreter call has been exceeded.
The program might contain an endless loop!

current statement:
	sg_red (2)

cycle second 15, simulation second 175, active:
Stage_1 (sec. 14)
+++++++++++++++++++++++++++++++++++++++++++++++++++++++++++++++++

Function call VAP_INT.interpreter :
The maximum number of program statements
per interpreter call has been exceeded.
The program might contain an endless loop!

current statement:
	sg_red (2)

cycle second 16, simulation second 176, active:
Stage_1 (sec. 15)
+++++++++++++++++++++++++++++++++++++++++++++++++++++++++++++++++

Function call VAP_INT.interpreter :
The maximum number of program statements
per interpreter call has been exceeded.
The program might contain an endless loop!

current statement:
	sg_red (2)

cycle second 17, simulation second 177, active:
Stage_1 (sec. 16)
+++++++++++++++++++++++++++++++++++++++++++++++++++++++++++++++++

Function call VAP_INT.interpreter :
The maximum number of program statements
per interpreter call has been exceeded.
The program might contain an endless loop!

current statement:
	sg_red (2)

cycle second 18, simulation second 178, active:
Stage_1 (sec. 17)
+++++++++++++++++++++++++++++++++++++++++++++++++++++++++++++++++

Function call VAP_INT.interpreter :
The maximum number of program statements
per interpreter call has been exceeded.
The program might contain an endless loop!

current statement:
	sg_red (2)

cycle second 19, simulation second 179, active:
Stage_1 (sec. 18)
+++++++++++++++++++++++++++++++++++++++++++++++++++++++++++++++++

Function call VAP_INT.interpreter :
The maximum number of program statements
per interpreter call has been exceeded.
The program might contain an endless loop!

current statement:
	sg_red (2)

cycle second 20, simulation second 180, active:
Stage_1 (sec. 19)
+++++++++++++++++++++++++++++++++++++++++++++++++++++++++++++++++

Function call VAP_INT.interpreter :
The maximum number of program statements
per interpreter call has been exceeded.
The program might contain an endless loop!

current statement:
	sg_red (2)

cycle second 21, simulation second 181, active:
Stage_1 (sec. 20)
+++++++++++++++++++++++++++++++++++++++++++++++++++++++++++++++++

Function call VAP_INT.interpreter :
The maximum number of program statements
per interpreter call has been exceeded.
The program might contain an endless loop!

current statement:
	sg_red (2)

cycle second 22, simulation second 182, active:
Stage_1 (sec. 21)
+++++++++++++++++++++++++++++++++++++++++++++++++++++++++++++++++

Function call VAP_INT.interpreter :
The maximum number of program statements
per interpreter call has been exceeded.
The program might contain an endless loop!

current statement:
	sg_red (2)

cycle second 23, simulation second 183, active:
Stage_1 (sec. 22)
+++++++++++++++++++++++++++++++++++++++++++++++++++++++++++++++++

