1                                                          T R A N S Y T
                                                           ~~~~~~~~~~~~~
                                                     TRAffic Network StudY Tool
 
 
 (C) COPYRIGHT 1996,2001 - TRL Limited, Crowthorne, Berkshire, RG45 6AU, UK
0Implementation for IBM-PC or compatible
0Program TRANSYT 11, Analysis Program Version 1.3
0Run with file:- "RING3_2M.DAT"   at 08:47   on 04/12/01
0Ring 3 - 2m
 
 
 
  PARAMETERS CONTROLLING DIMENSIONS OF PROBLEM :
  ~~~~~~~~~~~~~~~~~~~~~~~~~~~~~~~~~~~~~~~~~~~~~~
 
  NUMBER OF NODES                    =    4
  NUMBER OF LINKS                    =   31
  NUMBER OF OPTIMISED NODES          =    3
  MAXIMUM NUMBER OF GRAPHIC PLOTS    =    0
  NUMBER OF STEPS IN CYCLE           =   40
  MAXIMUM NUMBER OF SHARED STOPLINES =    0
  MAXIMUM NUMBER OF TIMING POINTS    =    4
  MAXIMUM LINKS AT ANY NODE          =   10
 
 
  CORE REQUESTED =   6589 WORDS
  CORE AVAILABLE =  72000 WORDS
.
0          DATA INPUT :-
           ~~~~ ~~~~~
0CARD   CARD
  NO.   TYPE
 (  1)= TITLE:- Ring 3 - 2m
0CARD   CARD   CYCLE  NO. OF   TIME EFFECTIVE-GREEN  EQUISAT 0=UNEQUAL FLOW   CRUISE-SPEEDS   OPTIMISE  EXTRA  HILL-   DELAY   STOP
  NO.   TYPE   TIME    STEPS  PERIOD DISPLACEMENTS  SETTINGS  CYCLE   SCALE   SCALE  CARD32   0=NONE   COPIES  CLIMB   VALUE   VALUE
                        PER   1-1200  START    END     0=NO  1=EQUAL  10-200  50-200 0=TIMES  1=O/SET   FINAL  OUTPUT  P PER   P PER
               (SEC)   CYCLE   MINS.  (SEC)   (SEC)    1=YES  CYCLE      %       %   1=SPEEDS 2=FULL   OUTPUT  1=FULL  PCU-H    100
   2)=   1      80      40      60       2       3       0       0       0       0       1       1       0       0      36      20
0CARD   CARD                                      LIST  OF  NODES  TO  BE  OPTIMISED
  NO.   TYPE
   3)=   2       7       8       9       0       0       0       0       0       0       0       0       0       0       0       0
0                                  NODE  CARDS:   STAGE  CHANGE  TIMES  AND  MINIMUM  STAGE  TIMES
 CARD   CARD   NODE        STAGE 1         STAGE 2         STAGE 3         STAGE 4         STAGE 5         STAGE 6         STAGE 7
  NO.   TYPE    NO.   CHANGE    MIN   CHANGE    MIN   CHANGE    MIN   CHANGE    MIN   CHANGE    MIN   CHANGE    MIN   CHANGE    MIN
   4)=  14       6      42      23      65      10       0      21      28      10       0       0       0       0       0       0
   5)=  13       7      24      20      71      10       3      21       0       0       0       0       0       0       0       0
   6)=  13       8      17      20      52      10      74      23       0       0       0       0       0       0       0       0
   7)=  12       9      51      20      20      18       0       0       0       0       0       0       0       0       0       0
0                                                    LINK CARDS:   GIVEWAY DATA
                     PRIORITY LINKS   LINK1 GIVEWAY COEFFS.
 CARD   CARD   LINK    LINK1   LINK2    ONLY     A1      A2                                    LINK    STOP     MAX   DELAY  DISPSN
 NO.   TYPE    NO.      NO.     NO.  % FLOW    X100    X100                                  LENGTH WT.X100   FLOW  WT.X100    X100
   8)=  30     615     631       0       0      22      19       0       0       0       0     770       0    1602       0       0
   9)=  30     625     641     643       0      22      19       0       0       0       0     200       0    1602       0       0
  10)=  30     635     611     613       0      22      19       0       0       0       0    1300       0    1600       0       0
  11)=  30     735     711     713       0      22      19       0       0       0       0     770       0    1602       0       0
  12)=  30     815     831       0       0      22      19       0       0       0       0    1070       0    1600       0       0
  13)=  30     825     841       0       0      22      19       0       0       0       0     200       0    1600       0       0
  14)=  30     835     811       0       0      22      19       0       0       0       0     390       0    1602       0       0
  15)=  30     845     821     823       0      22      19       0       0       0       0     200       0    1600       0       0
  16)=  30     935     911     913       0      22      19       0       0       0       0    1070       0    1600       0       0
0                                                    LINK  CARDS:   FIXED  DATA
                                        FIRST   GREEN                   SECOND  GREEN
 CARD   CARD   LINK     EXIT        START            END            START            END       LINK    STOP     SAT   DELAY   DISPSN
  NO.   TYPE    NO.     NODE    STAGE    LAG    STAGE    LAG    STAGE    LAG    STAGE    LAG  LENGTH  WT.X100  FLOW  WT.X100    X100
  17)=  31     611       6       3       6       4       0       0       0       0       0     770       0    4000       0       0
  18)=  31     613       6       3       6       4       0       0       0       0       0     770       0    1600       0       0
  19)=  31     615       6       3       6       1       0       0       0       0       0     770       0    1602       0       0
  20)=  31     621       6       1       6       3       0       0       0       0       0     200       0    4000       0       0
  21)=  31     623       6       1       6       3       0       0       0       0       0     200       0    1600       0       0
  22)=  31     625       6       1       6       3       5       0       0       0       0     200       0    2000       0       0
  23)=  31     631       6       3       6       4       0       0       0       0       0    1300       0    4500       0       0
  24)=  31     635       6       3       6       1       0       0       0       0       0    1300       0    1601       0       0
  25)=  31     641       6       1       6       2       0       0       0       0       0     200       0    6600       0       0
  26)=  31     643       6       1       6       2       0       0       0       0       0     200       0    1600       0       0
  27)=  31     711       7       1       9       2       0       0       0       0       0     390       0    4000       0       0
  28)=  31     713       7       1       9       2       0       0       0       0       0     390       0    1600       0       0
  29)=  31     723       7       3       7       1       0       0       0       0       0     200       0    1600       0       0
  30)=  31     725       7       3       7       1       0       0       0       0       0     200       0    1600       0       0
  31)=  31     731       7       1       9       3       0       0       0       0       0     770       0    4000       0       0
  32)=  31     735       7       1       9       3       0       0       0       0       0     770       0    1602       0       0
  33)=  31     811       8       1       9       2       5       0       0       0       0    1070       0    4500       0       0
  34)=  31     815       8       1       9       2       0       0       0       0       0    1070       0    1601       0       0
  35)=  31     821       8       3       8       1       0       0       0       0       0     200       0    2000       0       0
  36)=  31     823       8       3       8       1       0       0       0       0       0     200       0    1600       0       0
  37)=  31     825       8       3       8       1       5       0       0       0       0     200       0    2000       0       0
  38)=  31     831       8       1       9       3       0       0       0       0       0     390       0    4000       0       0
  39)=  31     835       8       1       9       3       0       0       0       0       0     390       0    1602       0       0
  40)=  31     841       8       3       8       1       0       0       0       0       0     200       0    2200       0       0
  41)=  31     845       8       3       8       1       0       0       0       0       0     200       0    1601       0       0
  42)=  31     911       9       1       9       2       0       0       0       0       0    1240       0    4000       0       0
  43)=  31     913       9       1       0       2       0       0       0       0       0    1240       0    1600       0       0
  44)=  31     923       9       2       9       1       0       0       0       0       0     200       0    1600       0       0
  45)=  31     925       9       2       9       1       0       0       0       0       0     200       0    3200       0       0
  46)=  31     931       9       1       9       2       0       0       0       0       0    1070       0    4000       0       0
  47)=  31     935       9       1       9       2       0       0       0       0       0    1070       0    1601       0       0
0                                                    LINK CARDS:    FLOW DATA
                                       ENTRY 1 ............    ENTRY 2 ............    ENTRY 3 ............    ENTRY 4 ............
 CARD   CARD   LINK   TOTAL  UNIFORM   LINK          CRUISE    LINK          CRUISE    LINK          CRUISE    LINK          CRUISE
  NO.   TYPE    NO.    FLOW    FLOW     NO.    FLOW   SPEED     NO.    FLOW   SPEED     NO.    FLOW   SPEED     NO.    FLOW   SPEED
  48)=  32     611     870       0     711     950      70     723      50      61       0       0       0       0       0       0
  49)=  32     613     300       0     711     300      70       0       0       0       0       0       0       0       0       0
  50)=  32     615     240       0     711     250      70       0       0       0       0       0       0       0       0       0
  51)=  32     621    1460       0       0       0      50       0       0       0       0       0       0       0       0       0
  52)=  32     623     120       0       0       0      50       0       0       0       0       0       0       0       0       0
  53)=  32     625     420       0       0       0      50       0       0       0       0       0       0       0       0       0
  54)=  32     631    1290       0       0       0      70       0       0       0       0       0       0       0       0       0
  55)=  32     635     240       0       0       0      70       0       0       0       0       0       0       0       0       0
  56)=  32     641    1490       0       0       0      50       0       0       0       0       0       0       0       0       0
  57)=  32     643     150       0       0       0      50       0       0       0       0       0       0       0       0       0
  58)=  32     711    1470       0     811    1300      70     823     250      61     845      50      61       0       0       0
  59)=  32     713     280       0     811     200      70     823      50      61     845      50      61       0       0       0
  60)=  32     723      50       0       0       0      50       0       0       0       0       0       0       0       0       0
  61)=  32     725      70       0       0       0      50       0       0       0       0       0       0       0       0       0
  62)=  32     731    1680       0     625     350      61     631    1100      70     643     100      61       0       0       0
  63)=  32     735     340       0     625     100      61     631     200      70     643      50      61       0       0       0
  64)=  32     811    1760       0     911    1600      70     923     100      61       0       0       0       0       0       0
  65)=  32     815     170       0     911     100      70     923      50      61       0       0       0       0       0       0
  66)=  32     821     290       0       0       0      50       0       0       0       0       0       0       0       0       0
  67)=  32     823     290       0       0       0      50       0       0       0       0       0       0       0       0       0
  68)=  32     825     340       0       0       0      50       0       0       0       0       0       0       0       0       0
  69)=  32     831    1720       0     725     100      61     731    1500      70       0       0       0       0       0       0
  70)=  32     835     320       0     731     300      70       0       0       0       0       0       0       0       0       0
  71)=  32     841     420       0       0       0      50       0       0       0       0       0       0       0       0       0
  72)=  32     845     100       0       0       0      50       0       0       0       0       0       0       0       0       0
  73)=  32     911    1640       0       0       0      70       0       0       0       0       0       0       0       0       0
  74)=  32     913     980       0       0       0      70       0       0       0       0       0       0       0       0       0
  75)=  32     923     120       0       0       0      50       0       0       0       0       0       0       0       0       0
  76)=  32     925     800       0       0       0      50       0       0       0       0       0       0       0       0       0
  77)=  32     931    1660       0     825     300      61     831    1450      70     841     100      61       0       0       0
  78)=  32     935     220       0     831     150      70     841      50      61       0       0       0       0       0       0
0                                                               FUEL CARD
                    CRUISE CONSTANTS   DELAY    STOP
                   A       B       C   CONST.  CONST.
 ( 79)=   37     145    -375     405     115     635       0       0       0       0       0       0       0       0       0       0
0*****END OF SUBROUTINE TINPUT*****
.
0     80 SECOND CYCLE  40 STEPS
0INITIAL SETTINGS
  - (SECONDS)
0  NODE   NUMBER   STAGE   STAGE   STAGE   STAGE   STAGE  STAGE   STAGE
    NO   OF STAGES   1       2       3       4       5       6       7
 
     6       4      42      65       0      28
     7       3      24      71       3
     8       3      17      52      74
     9       2      51      20
0 LINK    FLOW   SAT   DEGREE  MEAN TIMES  -------DELAY--------   ----STOPS----   ----QUEUE----  PERFORMANCE   EXIT   GREEN TIMES
 NUMBER   INTO   FLOW    OF     PER PCU    UNIFORM RANDOM+ COST    MEAN   COST    MEAN             INDEX.      NODE   START  START
          LINK          SAT    CRUISE              OVERSAT  OF    STOPS    OF     MAX.  AVERAGE  WEIGHTED SUM            END     END
                                    DELAY  (U+R+O=MEAN Q) DELAY    /PCU   STOPS          EXCESS  OF ( ) VALUES         1ST     2ND
        (PCU/H) (PCU/H)  (%)  (SEC) (SEC)    (PCU-H/H)    ($/H)    (%)    ($/H)    (PCU)  (PCU)     ($/H)               (SECONDS)
 
   611     869   4000     76    40    22    3.8 +  1.5  (  1.9)     80  (  3.6)      17                5.6      6      6  28
   613     300   1600     65    40    25    1.2 +  0.9  (  0.7)     78  (  1.2)       6                2.0      6      6  28
   615     241   1602     53    40    19    0.7 +  0.6  (  0.5)     92  (  1.2)       5                1.6      6      6  42
   621    1460   4000     88    14    31    8.8 +  3.7  (  4.5)     97  (  3.8)      33                8.3      6     48   0
   623     120   1600     18    14    18    0.5 +  0.1  (  0.2)     62  (  0.2)       2                0.4      6     48   0
   625     420   2000     81    14    45    3.2 +  2.1  (  1.9)    110  (  1.2)      11                3.1      6     48   5
   631    1290   4500    100    67    76   10.2 + 17.0  (  9.8)    146  (  9.9)      46               19.7      6      6  28
   635     240   1601     49    67    27    1.3 +  0.5  (  0.6)     84  (  1.1)       5                1.7      6      6  42
   641    1490   6600    100    14    81   12.9 + 20.6  ( 12.0)    147  (  5.9)      54               17.9      6     48  65
   643     150   1600     42    14    35    1.1 +  0.4  (  0.5)     92  (  0.4)       3                0.9      6     48  65
   711    1469   4000     75    21    12    3.3 +  1.5  (  1.7)     37  (  2.8)      13                4.6      7     33  71
   713     280   1600     36    21    11    0.6 +  0.3  (  0.3)     41  (  0.6)       3                0.9      7     33  71
   723      50   1600     17    14    34    0.4 +  0.1  (  0.2)     89  (  0.1)       1                0.3      7     10  24
   725      70   1600     23    14    36    0.5 +  0.2  (  0.2)     90  (  0.2)       1                0.4      7     10  24
   731    1680   4000     66    41     5    1.3 +  1.0  (  0.8)     22  (  1.5)      10                2.3      7     33   3
   735     340   1602     53    42    12    0.6 +  0.6  (  0.4)     52  (  0.7)       5                1.1      7     33   3
   811    1760   4500     98    56    45    8.9 + 13.2  (  7.9)    108  (  9.9)      51               17.9      8     26  57
   815     171   1601     51    58    32    1.0 +  0.5  (  0.5)     87  (  0.8)       3                1.3      8     26  52
   821     290   2000     73    14    46    2.4 +  1.3  (  1.3)    108  (  0.8)       7                2.2      8      2  17
   823     290   1600     91    14    79    2.5 +  3.8  (  2.3)    144  (  1.1)      10                3.4      8      2  17
   825     340   2000     96    14   100    2.9 +  6.6  (  3.4)    165  (  1.5)      14                4.9      8      2  22
   831    1720   4000     70    20    15    5.8 +  1.2  (  2.5)     51  (  3.5)      20                6.0      8     26  74
   835     319   1602     54    20    20    1.2 +  0.6  (  0.6)     54  (  0.9)       4                1.6      8     26  74
   841     420   2200     95    14    87    3.7 +  6.4  (  3.6)    152  (  1.7)      16                5.3      8      2  17
   845     100   1601     50    14    47    0.8 +  0.5  (  0.5)    107  (  0.3)       2                0.8      8      2  17
   911    1640   4000     80    64    20    7.3 +  2.0  (  3.4)     81  (  7.0)      32               10.3      9     60  20
   913     980   1600     98    64    57    4.0 + 11.4  (  5.5)    132  (  6.8)      32               12.3      9     51  20
   923     120   1600     26    14    27    0.7 +  0.2  (  0.3)     78  (  0.3)       2                0.6      9     29  51
   925     800   3200     87    14    41    6.0 +  3.2  (  3.3)    106  (  2.3)      20                5.6      9     29  51
   931    1660   4000     81    57    20    7.1 +  2.1  (  3.3)     74  (  4.9)      31                8.2      9     60  20
   935     220   1601     72    57    38    1.1 +  1.2  (  0.8)    104  (  1.2)       5                2.0      9     60  20
0  TOTAL          TOTAL       MEAN         TOTAL    TOTAL    TOTAL       TOTAL        PENALTY       TOTAL
  DISTANCE         TIME    JOURNEY       UNIFORM   RANDOM+    COST        COST          FOR       PERFORMANCE
 TRAVELLED        SPENT      SPEED         DELAY   OVERSAT     OF          OF          EXCESS       INDEX
                                                    DELAY    DELAY       STOPS         QUEUES
 (PCU-KM/H)     (PCU-H/H)    (KM/H)     (PCU-H/H)(PCU-H/H)   ($/H)       ($/H)         ($/H)        ($/H)
0 14657.7         430.0       34.1        105.8    105.1    (  75.9) + (   77.3)  +  (   0.0)   =     153.2      TOTALS
0************************************************************************************************************************************
0                                  CRUISE               DELAY               STOPS              TOTALS
                               LITRES PER HOUR     LITRES PER HOUR     LITRES PER HOUR     LITRES PER HOUR
0FUEL CONSUMPTION PREDICTIONS      1103.3         +     242.5         +     458.0         =    1803.9
0
 NO. OF ENTRIES TO SUBPT  =    1
 NO. OF LINKS RECALCULATED=   31
.
0     80 SECOND CYCLE  40 STEPS
0INTERMEDIATE SETTINGS - INCREMENTS SO FAR :-   12
  - (SECONDS)
 
     6       4      42      65       0      28
     7       3      24      71       3
     8       3      17      52      74
     9       2      51      20
0  TOTAL          TOTAL       MEAN         TOTAL    TOTAL    TOTAL       TOTAL        PENALTY       TOTAL
  DISTANCE         TIME    JOURNEY       UNIFORM   RANDOM+    COST        COST          FOR       PERFORMANCE
 TRAVELLED        SPENT      SPEED         DELAY   OVERSAT     OF          OF          EXCESS       INDEX
                                                    DELAY    DELAY       STOPS         QUEUES
 (PCU-KM/H)     (PCU-H/H)    (KM/H)     (PCU-H/H)(PCU-H/H)   ($/H)       ($/H)         ($/H)        ($/H)
0 14657.7         430.0       34.1        105.8    105.1    (  75.9) + (   77.3)  +  (   0.0)   =     153.2      TOTALS
0
 NO. OF ENTRIES TO SUBPT  =    7
 NO. OF LINKS RECALCULATED=  125
.
0     80 SECOND CYCLE  40 STEPS
0INTERMEDIATE SETTINGS - INCREMENTS SO FAR :-   12  32
  - (SECONDS)
 
     6       4      42      65       0      28
     7       3      24      71       3
     8       3      17      52      74
     9       2      51      20
0  TOTAL          TOTAL       MEAN         TOTAL    TOTAL    TOTAL       TOTAL        PENALTY       TOTAL
  DISTANCE         TIME    JOURNEY       UNIFORM   RANDOM+    COST        COST          FOR       PERFORMANCE
 TRAVELLED        SPENT      SPEED         DELAY   OVERSAT     OF          OF          EXCESS       INDEX
                                                    DELAY    DELAY       STOPS         QUEUES
 (PCU-KM/H)     (PCU-H/H)    (KM/H)     (PCU-H/H)(PCU-H/H)   ($/H)       ($/H)         ($/H)        ($/H)
0 14657.7         430.0       34.1        105.8    105.1    (  75.9) + (   77.3)  +  (   0.0)   =     153.2      TOTALS
0
 NO. OF ENTRIES TO SUBPT  =    7
 NO. OF LINKS RECALCULATED=  123
.
0     80 SECOND CYCLE  40 STEPS
0INTERMEDIATE SETTINGS - INCREMENTS SO FAR :-   12  32  12
  - (SECONDS)
 
     6       4      42      65       0      28
     7       3      24      71       3
     8       3      17      52      74
     9       2      51      20
0  TOTAL          TOTAL       MEAN         TOTAL    TOTAL    TOTAL       TOTAL        PENALTY       TOTAL
  DISTANCE         TIME    JOURNEY       UNIFORM   RANDOM+    COST        COST          FOR       PERFORMANCE
 TRAVELLED        SPENT      SPEED         DELAY   OVERSAT     OF          OF          EXCESS       INDEX
                                                    DELAY    DELAY       STOPS         QUEUES
 (PCU-KM/H)     (PCU-H/H)    (KM/H)     (PCU-H/H)(PCU-H/H)   ($/H)       ($/H)         ($/H)        ($/H)
0 14657.7         430.0       34.1        105.8    105.1    (  75.9) + (   77.3)  +  (   0.0)   =     153.2      TOTALS
0
 NO. OF ENTRIES TO SUBPT  =    7
 NO. OF LINKS RECALCULATED=  131
.
0     80 SECOND CYCLE  40 STEPS
0INTERMEDIATE SETTINGS - INCREMENTS SO FAR :-   12  32  12  32
  - (SECONDS)
 
     6       4      42      65       0      28
     7       3      24      71       3
     8       3      17      52      74
     9       2      51      20
0  TOTAL          TOTAL       MEAN         TOTAL    TOTAL    TOTAL       TOTAL        PENALTY       TOTAL
  DISTANCE         TIME    JOURNEY       UNIFORM   RANDOM+    COST        COST          FOR       PERFORMANCE
 TRAVELLED        SPENT      SPEED         DELAY   OVERSAT     OF          OF          EXCESS       INDEX
                                                    DELAY    DELAY       STOPS         QUEUES
 (PCU-KM/H)     (PCU-H/H)    (KM/H)     (PCU-H/H)(PCU-H/H)   ($/H)       ($/H)         ($/H)        ($/H)
0 14657.7         430.0       34.1        105.8    105.1    (  75.9) + (   77.3)  +  (   0.0)   =     153.2      TOTALS
0
 NO. OF ENTRIES TO SUBPT  =    7
 NO. OF LINKS RECALCULATED=  131
.
0     80 SECOND CYCLE  40 STEPS
0INTERMEDIATE SETTINGS - INCREMENTS SO FAR :-   12  32  12  32  12
  - (SECONDS)
 
     6       4      42      65       0      28
     7       3      24      71       3
     8       3      17      52      74
     9       2      51      20
0  TOTAL          TOTAL       MEAN         TOTAL    TOTAL    TOTAL       TOTAL        PENALTY       TOTAL
  DISTANCE         TIME    JOURNEY       UNIFORM   RANDOM+    COST        COST          FOR       PERFORMANCE
 TRAVELLED        SPENT      SPEED         DELAY   OVERSAT     OF          OF          EXCESS       INDEX
                                                    DELAY    DELAY       STOPS         QUEUES
 (PCU-KM/H)     (PCU-H/H)    (KM/H)     (PCU-H/H)(PCU-H/H)   ($/H)       ($/H)         ($/H)        ($/H)
0 14657.7         430.0       34.1        105.8    105.1    (  75.9) + (   77.3)  +  (   0.0)   =     153.2      TOTALS
0
 NO. OF ENTRIES TO SUBPT  =    7
 NO. OF LINKS RECALCULATED=  133
.
0     80 SECOND CYCLE  40 STEPS
0INTERMEDIATE SETTINGS - INCREMENTS SO FAR :-   12  32  12  32  12   1
  - (SECONDS)
 
     6       4      42      65       0      28
     7       3      26      73       5
     8       3      17      52      74
     9       2      45      14
0  TOTAL          TOTAL       MEAN         TOTAL    TOTAL    TOTAL       TOTAL        PENALTY       TOTAL
  DISTANCE         TIME    JOURNEY       UNIFORM   RANDOM+    COST        COST          FOR       PERFORMANCE
 TRAVELLED        SPENT      SPEED         DELAY   OVERSAT     OF          OF          EXCESS       INDEX
                                                    DELAY    DELAY       STOPS         QUEUES
 (PCU-KM/H)     (PCU-H/H)    (KM/H)     (PCU-H/H)(PCU-H/H)   ($/H)       ($/H)         ($/H)        ($/H)
0 14657.7         428.2       34.2        103.9    105.1    (  75.2) + (   77.3)  +  (   0.0)   =     152.5      TOTALS
0
 NO. OF ENTRIES TO SUBPT  =   14
 NO. OF LINKS RECALCULATED=  200
.
0     80 SECOND CYCLE  40 STEPS
0FINAL SETTINGS OBTAINED WITH INCREMENTS :-   12  32  12  32  12   1   1
  - (SECONDS)
0  NODE   NUMBER   STAGE   STAGE   STAGE   STAGE   STAGE  STAGE   STAGE
    NO   OF STAGES   1       2       3       4       5       6       7
 
     6       4      42      65       0      28
     7       3      26      73       5
     8       3      17      52      74
     9       2      45      14
0 LINK    FLOW   SAT   DEGREE  MEAN TIMES  -------DELAY--------   ----STOPS----   ----QUEUE----  PERFORMANCE   EXIT   GREEN TIMES
 NUMBER   INTO   FLOW    OF     PER PCU    UNIFORM RANDOM+ COST    MEAN   COST    MEAN             INDEX.      NODE   START  START
          LINK          SAT    CRUISE              OVERSAT  OF    STOPS    OF     MAX.  AVERAGE  WEIGHTED SUM            END     END
                                    DELAY  (U+R+O=MEAN Q) DELAY    /PCU   STOPS          EXCESS  OF ( ) VALUES         1ST     2ND
        (PCU/H) (PCU/H)  (%)  (SEC) (SEC)    (PCU-H/H)    ($/H)    (%)    ($/H)    (PCU)  (PCU)     ($/H)               (SECONDS)
 
   611     869   4000     76    40    22    3.9 +  1.5  (  1.9)     77  (  3.5)      17                5.5      6      6  28
   613     300   1600     65    40    26    1.2 +  0.9  (  0.8)     76  (  1.2)       6                2.0      6      6  28
   615     241   1602     53    40    18    0.7 +  0.6  (  0.4)     88  (  1.1)       5                1.5      6      6  42
   621    1460   4000     88    14    31    8.8 +  3.7  (  4.5)     97  (  3.8)      33                8.3      6     48   0
   623     120   1600     18    14    18    0.5 +  0.1  (  0.2)     62  (  0.2)       2                0.4      6     48   0
   625     420   2000     81    14    45    3.2 +  2.1  (  1.9)    110  (  1.2)      11                3.1      6     48   5
   631    1290   4500    100    67    76   10.2 + 17.0  (  9.8)    146  (  9.9)      46               19.7      6      6  28
   635     240   1601     49    67    27    1.3 +  0.5  (  0.6)     84  (  1.1)       5                1.7      6      6  42
   641    1490   6600    100    14    81   12.9 + 20.6  ( 12.0)    147  (  5.9)      54               17.9      6     48  65
   643     150   1600     42    14    35    1.1 +  0.4  (  0.5)     92  (  0.4)       3                0.9      6     48  65
   711    1469   4000     75    21    10    2.6 +  1.5  (  1.5)     33  (  2.5)      12                4.0      7     35  73
   713     280   1600     36    21    10    0.5 +  0.3  (  0.3)     39  (  0.6)       3                0.9      7     35  73
   723      50   1600     17    14    34    0.4 +  0.1  (  0.2)     89  (  0.1)       1                0.3      7     12  26
   725      70   1600     23    14    36    0.5 +  0.2  (  0.2)     90  (  0.2)       1                0.4      7     12  26
   731    1680   4000     66    41     5    1.4 +  1.0  (  0.8)     26  (  1.7)      14                2.6      7     35   5
   735     340   1602     53    42    13    0.6 +  0.6  (  0.4)     60  (  0.8)       6                1.2      7     35   5
   811    1760   4500     98    56    43    7.6 + 13.2  (  7.5)    111  ( 10.3)      51               17.7      8     26  57
   815     171   1601     50    58    30    0.9 +  0.5  (  0.5)     86  (  0.8)       3                1.3      8     26  52
   821     290   2000     73    14    46    2.4 +  1.3  (  1.3)    108  (  0.8)       7                2.2      8      2  17
   823     290   1600     91    14    79    2.5 +  3.8  (  2.3)    144  (  1.1)      10                3.4      8      2  17
   825     340   2000     96    14   100    2.9 +  6.6  (  3.4)    165  (  1.5)      14                4.9      8      2  22
   831    1720   4000     70    20    15    5.9 +  1.2  (  2.5)     52  (  3.5)      20                6.1      8     26  74
   835     319   1602     54    20    20    1.2 +  0.6  (  0.7)     56  (  0.9)       4                1.6      8     26  74
   841     420   2200     95    14    87    3.7 +  6.4  (  3.6)    152  (  1.7)      16                5.3      8      2  17
   845     100   1601     50    14    47    0.8 +  0.5  (  0.5)    107  (  0.3)       2                0.8      8      2  17
   911    1640   4000     80    64    20    7.3 +  2.0  (  3.4)     81  (  7.0)      32               10.3      9     54  14
   913     980   1600     98    64    57    4.0 + 11.4  (  5.5)    132  (  6.8)      32               12.3      9     45  14
   923     120   1600     26    14    27    0.7 +  0.2  (  0.3)     78  (  0.3)       2                0.6      9     23  45
   925     800   3200     87    14    41    6.0 +  3.2  (  3.3)    106  (  2.3)      20                5.6      9     23  45
   931    1660   4000     81    57    20    7.0 +  2.1  (  3.3)     70  (  4.7)      28                8.0      9     54  14
   935     220   1601     72    57    38    1.1 +  1.2  (  0.8)    101  (  1.2)       5                2.0      9     54  14
0  TOTAL          TOTAL       MEAN         TOTAL    TOTAL    TOTAL       TOTAL        PENALTY       TOTAL
  DISTANCE         TIME    JOURNEY       UNIFORM   RANDOM+    COST        COST          FOR       PERFORMANCE
 TRAVELLED        SPENT      SPEED         DELAY   OVERSAT     OF          OF          EXCESS       INDEX
                                                    DELAY    DELAY       STOPS         QUEUES
 (PCU-KM/H)     (PCU-H/H)    (KM/H)     (PCU-H/H)(PCU-H/H)   ($/H)       ($/H)         ($/H)        ($/H)
0 14657.7         428.2       34.2        103.9    105.1    (  75.2) + (   77.3)  +  (   0.0)   =     152.5      TOTALS
0************************************************************************************************************************************
0                                  CRUISE               DELAY               STOPS              TOTALS
                               LITRES PER HOUR     LITRES PER HOUR     LITRES PER HOUR     LITRES PER HOUR
0FUEL CONSUMPTION PREDICTIONS      1103.3         +     240.4         +     457.6         =    1801.3
0
 NO. OF ENTRIES TO SUBPT  =    7
 NO. OF LINKS RECALCULATED=  131
 
 PROGRAM TRANSYT FINISHED
