1                                                          T R A N S Y T
                                                           ~~~~~~~~~~~~~
                                                     TRAffic Network StudY Tool
 
 
 (C) COPYRIGHT 1996,2001 - TRL Limited, Crowthorne, Berkshire, RG45 6AU, UK
0Implementation for IBM-PC or compatible
0Program TRANSYT 11, Analysis Program Version 1.3
0Run with file:- "RING3_1E.DAT"   at 08:28   on 04/12/01
0Ring 3 - 1e
 
 
 
  PARAMETERS CONTROLLING DIMENSIONS OF PROBLEM :
  ~~~~~~~~~~~~~~~~~~~~~~~~~~~~~~~~~~~~~~~~~~~~~~
 
  NUMBER OF NODES                    =    3
  NUMBER OF LINKS                    =   34
  NUMBER OF OPTIMISED NODES          =    3
  MAXIMUM NUMBER OF GRAPHIC PLOTS    =    0
  NUMBER OF STEPS IN CYCLE           =   40
  MAXIMUM NUMBER OF SHARED STOPLINES =    0
  MAXIMUM NUMBER OF TIMING POINTS    =    4
  MAXIMUM LINKS AT ANY NODE          =   12
 
 
  CORE REQUESTED =   6863 WORDS
  CORE AVAILABLE =  72000 WORDS
.
0          DATA INPUT :-
           ~~~~ ~~~~~
0CARD   CARD
  NO.   TYPE
 (  1)= TITLE:- Ring 3 - 1e
0CARD   CARD   CYCLE  NO. OF   TIME EFFECTIVE-GREEN  EQUISAT 0=UNEQUAL FLOW   CRUISE-SPEEDS   OPTIMISE  EXTRA  HILL-   DELAY   STOP
  NO.   TYPE   TIME    STEPS  PERIOD DISPLACEMENTS  SETTINGS  CYCLE   SCALE   SCALE  CARD32   0=NONE   COPIES  CLIMB   VALUE   VALUE
                        PER   1-1200  START    END     0=NO  1=EQUAL  10-200  50-200 0=TIMES  1=O/SET   FINAL  OUTPUT  P PER   P PER
               (SEC)   CYCLE   MINS.  (SEC)   (SEC)    1=YES  CYCLE      %       %   1=SPEEDS 2=FULL   OUTPUT  1=FULL  PCU-H    100
   2)=   1      90      40      60       2       3       0       0       0       0       1       2       0       0      36      20
0CARD   CARD                                      LIST  OF  NODES  TO  BE  OPTIMISED
  NO.   TYPE
   3)=   2       3       4       5       0       0       0       0       0       0       0       0       0       0       0       0
0                                  NODE  CARDS:   STAGE  CHANGE  TIMES  AND  MINIMUM  STAGE  TIMES
 CARD   CARD   NODE        STAGE 1         STAGE 2         STAGE 3         STAGE 4         STAGE 5         STAGE 6         STAGE 7
  NO.   TYPE    NO.   CHANGE    MIN   CHANGE    MIN   CHANGE    MIN   CHANGE    MIN   CHANGE    MIN   CHANGE    MIN   CHANGE    MIN
   4)=  13       3      58      20      28      14      44      14       0       0       0       0       0       0       0       0
   5)=  13       4      55      21      12      14      38      10       0       0       0       0       0       0       0       0
   6)=  14       5      51      10      63      14      13      11      26      18       0       0       0       0       0       0
0                                                    LINK CARDS:   GIVEWAY DATA
                     PRIORITY LINKS   LINK1 GIVEWAY COEFFS.
 CARD   CARD   LINK    LINK1   LINK2    ONLY     A1      A2                                    LINK    STOP     MAX   DELAY  DISPSN
 NO.   TYPE    NO.      NO.     NO.  % FLOW    X100    X100                                  LENGTH WT.X100   FLOW  WT.X100    X100
   7)=  30     325     341     343       0      22      19       0       0       0       0     200       0    1600       0       0
   8)=  30     345     321     323       0      22      19       0       0       0       0     200       0    1600       0       0
   9)=  30     415     431     433       0      22      19       0       0       0       0    1260       0    1600       0       0
  10)=  30     425     441     443       0      22      19       0       0       0       0     200       0    1600       0       0
  11)=  30     435     411     413       0      22      19       0       0       0       0     340       0    1600       0       0
  12)=  30     445     421       0       0      22      19       0       0       0       0     200       0    1600       0       0
  13)=  30     515     531     533       0      22      19       0       0       0       0    1300       0    1602       0       0
  14)=  30     525     541     543       0      22      19       0       0       0       0     200       0    1602       0       0
  15)=  30     535     511     513       0      22      19       0       0       0       0    1360       0    1600       0       0
  16)=  30     545     521       0       0      22      19       0       0       0       0     200       0    1602       0       0
0                                                    LINK  CARDS:   FIXED  DATA
                                        FIRST   GREEN                   SECOND  GREEN
 CARD   CARD   LINK     EXIT        START            END            START            END       LINK    STOP     SAT   DELAY   DISPSN
  NO.   TYPE    NO.     NODE    STAGE    LAG    STAGE    LAG    STAGE    LAG    STAGE    LAG  LENGTH  WT.X100  FLOW  WT.X100    X100
  17)=  31     311       3       1       6       2       0       0       0       0       0     340       0    4000       0       0
  18)=  31     313       3       1       6       2       0       0       0       0       0     340       0    1800       0       0
  19)=  31     315       3       2       6       3       0       0       0       0       0     340       0    1600       0       0
  20)=  31     321       3       3       6       1       0       0       0       0       0     200       0    2000       0       0
  21)=  31     323       3       3       6       1       0       0       0       0       0     200       0    1600       0       0
  22)=  31     325       3       3       6       1       4       0       0       0       0     200       0    2000       0       0
  23)=  31     331       3       1       6       2       0       0       0       0       0     200       0    4000       0       0
  24)=  31     333       3       1       6       2       0       0       0       0       0     200       0    1600       0       0
  25)=  31     335       3       2       6       3       0       0       0       0       0     200       0    1600       0       0
  26)=  31     341       3       3       6       1       0       0       0       0       0     200       0    2000       0       0
  27)=  31     343       3       2       9       1       0       0       0       0       0     200       0    1600       0       0
  28)=  31     345       3       3       6       1       3       0       0       0       0     200       0    2000       0       0
  29)=  31     411       4       1       9       2       0       0       0       0       0    1260       0    4000       0       0
  30)=  31     413       4       1       9       2       0       0       0       0       0    1260       0    1600       0       0
  31)=  31     415       4       1       9       2       0       0       0       0       0    1260       0    1601       0       0
  32)=  31     421       4       2       6       1       0       0       0       0       0     200       0    1600       0       0
  33)=  31     425       4       2       6       1       0       0       0       0       0     200       0    2000       0       0
  34)=  31     431       4       1       9       2       0       0       0       0       0     340       0    4000       0       0
  35)=  31     433       4       1       9       2       0       0       0       0       0     340       0    1600       0       0
  36)=  31     435       4       1       9       2       0       0       0       0       0     340       0    1601       0       0
  37)=  31     441       4       2       6       1       0       0       0       0       0     200       0    2000       0       0
  38)=  31     443       4       2       6       1       0       0       0       0       0     200       0    1600       0       0
  39)=  31     445       4       2       6       1       0       0       0       0       0     200       0    1601       0       0
  40)=  31     511       5       2       6       4       0       0       0       0       0    1300       0    4000       0       0
  41)=  31     513       5       2       6       4       0       0       0       0       0    1300       0    1600       0       0
  42)=  31     515       5       2       6       4       0       0       0       0       0    1300       0    1602       0       0
  43)=  31     521       5       4       7       1       0       0       0       0       0     200       0    2000       0       0
  44)=  31     525       5       4       7       2       0       0       0       0       0     200       0    1602       0       0
  45)=  31     531       5       2       6       3       0       0       0       0       0    1260       0    4000       0       0
  46)=  31     533       5       2       6       3       0       0       0       0       0    1260       0    1600       0       0
  47)=  31     535       5       2       6       3       0       0       0       0       0    1260       0    1601       0       0
  48)=  31     541       5       4       7       1       0       0       0       0       0     200       0    2000       0       0
  49)=  31     543       5       4       7       1       0       0       0       0       0     200       0    1600       0       0
  50)=  31     545       5       3       7       2       0       0       0       0       0     200       0    1602       0       0
0                                                    LINK CARDS:    FLOW DATA
                                       ENTRY 1 ............    ENTRY 2 ............    ENTRY 3 ............    ENTRY 4 ............
 CARD   CARD   LINK   TOTAL  UNIFORM   LINK          CRUISE    LINK          CRUISE    LINK          CRUISE    LINK          CRUISE
  NO.   TYPE    NO.    FLOW    FLOW     NO.    FLOW   SPEED     NO.    FLOW   SPEED     NO.    FLOW   SPEED     NO.    FLOW   SPEED
  51)=  32     311    1350       0     411     650      70     421     450      61     445     150      61       0       0       0
  52)=  32     313     930       0     411     650      70     421     150      61     445      50      61       0       0       0
  53)=  32     315     100       0     411     100      70     421      10      61       0       0       0       0       0       0
  54)=  32     321      80       0       0       0      50       0       0       0       0       0       0       0       0       0
  55)=  32     323      10       0       0       0      50       0       0       0       0       0       0       0       0       0
  56)=  32     325     250       0       0       0      50       0       0       0       0       0       0       0       0       0
  57)=  32     331     400       0       0       0      70       0       0       0       0       0       0       0       0       0
  58)=  32     333      50       0       0       0      50       0       0       0       0       0       0       0       0       0
  59)=  32     335      20       0       0       0      50       0       0       0       0       0       0       0       0       0
  60)=  32     341      60       0       0       0      50       0       0       0       0       0       0       0       0       0
  61)=  32     343     100       0       0       0      50       0       0       0       0       0       0       0       0       0
  62)=  32     345     220       0       0       0      50       0       0       0       0       0       0       0       0       0
  63)=  32     411    1130       0     511     900      70     521     100      61     545     250      61       0       0       0
  64)=  32     413      50       0     511      50      70     545      10      61       0       0       0       0       0       0
  65)=  32     415     150       0     511     100      70     545      50      61       0       0       0       0       0       0
  66)=  32     421     700       0       0       0      50       0       0       0       0       0       0       0       0       0
  67)=  32     425     150       0       0       0      50       0       0       0       0       0       0       0       0       0
  68)=  32     431     400       0     331     300      70     325     200      61     343     100      61       0       0       0
  69)=  32     433      70       0     331      50      70     343      10      61       0       0       0       0       0       0
  70)=  32     435      70       0     331      50      70     325      10      61       0       0       0       0       0       0
  71)=  32     441     260       0       0       0      50       0       0       0       0       0       0       0       0       0
  72)=  32     443     250       0       0       0      50       0       0       0       0       0       0       0       0       0
  73)=  32     445     180       0       0       0      50       0       0       0       0       0       0       0       0       0
  74)=  32     511    1210       0       0       0      70       0       0       0       0       0       0       0       0       0
  75)=  32     513     160       0       0       0      70       0       0       0       0       0       0       0       0       0
  76)=  32     515     260       0       0       0      70       0       0       0       0       0       0       0       0       0
  77)=  32     521     430       0       0       0      50       0       0       0       0       0       0       0       0       0
  78)=  32     525     230       0       0       0      50       0       0       0       0       0       0       0       0       0
  79)=  32     531     650       0     431     350      70     425     100      61     443     200      61       0       0       0
  80)=  32     533     200       0     431     100      70     425      50      61     443      50      61       0       0       0
  81)=  32     535      50       0     431      50      50       0       0       0       0       0       0       0       0       0
  82)=  32     541     200       0       0       0      50       0       0       0       0       0       0       0       0       0
  83)=  32     543     280       0       0       0      50       0       0       0       0       0       0       0       0       0
  84)=  32     545     310       0       0       0      50       0       0       0       0       0       0       0       0       0
0                                                               FUEL CARD
                    CRUISE CONSTANTS   DELAY    STOP
                   A       B       C   CONST.  CONST.
 ( 85)=   37     145    -375     405     115     635       0       0       0       0       0       0       0       0       0       0
0*****END OF SUBROUTINE TINPUT*****
.
0     90 SECOND CYCLE  40 STEPS
0INITIAL SETTINGS
  - (SECONDS)
0  NODE   NUMBER   STAGE   STAGE   STAGE   STAGE   STAGE  STAGE   STAGE
    NO   OF STAGES   1       2       3       4       5       6       7
 
     3       3      58      28      44
     4       3      55      12      38
     5       4      51      63      13      26
0 LINK    FLOW   SAT   DEGREE  MEAN TIMES  -------DELAY--------   ----STOPS----   ----QUEUE----  PERFORMANCE   EXIT   GREEN TIMES
 NUMBER   INTO   FLOW    OF     PER PCU    UNIFORM RANDOM+ COST    MEAN   COST    MEAN             INDEX.      NODE   START  START
          LINK          SAT    CRUISE              OVERSAT  OF    STOPS    OF     MAX.  AVERAGE  WEIGHTED SUM            END     END
                                    DELAY  (U+R+O=MEAN Q) DELAY    /PCU   STOPS          EXCESS  OF ( ) VALUES         1ST     2ND
        (PCU/H) (PCU/H)  (%)  (SEC) (SEC)    (PCU-H/H)    ($/H)    (%)    ($/H)    (PCU)  (PCU)     ($/H)               (SECONDS)
 
   311    1333<  4000     55    19    10    2.9 +  0.6  (  1.3)     45  (  3.2)      16                4.5      3     64  28
   313     924   1800     84    18    15    1.4 +  2.5  (  1.4)     59  (  2.9)      16                4.3      3     64  28
   315      98   1600     50    18    51    0.9 +  0.5  (  0.5)    115  (  0.6)       3                1.1      3     34  44
   321      80   2000     40    14    53    0.8 +  0.3  (  0.4)    106  (  0.2)       2                0.7      3     50  58
   323      10   1600      6    14    49    0.1 +  0.0  (  0.0)    100  (  0.0)       0                0.1      3     50  58
   325     250   2000    107    14   228    2.9 + 13.0  (  5.7)    222  (  1.5)      19                7.2      3     50  62
   331     400   4000     16    10     8    0.8 +  0.1  (  0.3)     40  (  0.8)       4                1.2      3     64  28
   333      50   1600      5    14     9    0.1 +  0.0  (  0.0)     38  (  0.1)       1                0.1      3     64  28
   335      20   1600     10    14    46    0.2 +  0.1  (  0.1)     96  (  0.1)       0                0.1      3     34  44
   341      60   2000     30    14    50    0.6 +  0.2  (  0.3)    103  (  0.2)       2                0.5      3     50  58
   343     100   1600     26    14    34    0.8 +  0.2  (  0.3)     84  (  0.2)       2                0.6      3     37  58
   345     220   2000    106    14   226    2.5 + 11.3  (  5.0)    221  (  1.3)      17                6.3      3     50  61
   411    1128   4000     65    67    22    6.0 +  0.9  (  2.5)     82  (  4.8)      24                7.3      4     64  12
   413      49   1600      7    66    15    0.2 +  0.0  (  0.1)     59  (  0.2)       1                0.2      4     64  12
   415     149   1601     25    68    19    0.6 +  0.2  (  0.3)     66  (  0.5)       3                0.8      4     64  12
   421     700   1600    104    14   134    5.4 + 20.7  (  9.4)    183  (  3.4)      38     +         12.8      4     18  55
   425     150   2000     26    14    22    0.8 +  0.2  (  0.3)     70  (  0.3)       3                0.6      4     18  55
   431     391   4000     23    19     9    0.9 +  0.1  (  0.4)     31  (  0.7)       3                1.0      4     64  12
   433      70   1600     10    18    15    0.2 +  0.1  (  0.1)     45  (  0.2)       1                0.3      4     64  12
   435      69   1601     16    18    17    0.2 +  0.1  (  0.1)     37  (  0.1)       1                0.3      4     64  12
   441     260   2000     31    14    20    1.2 +  0.2  (  0.5)     66  (  0.5)       4                1.0      4     18  55
   443     250   1600     37    14    22    1.2 +  0.3  (  0.6)     69  (  0.5)       5                1.0      4     18  55
   445     180   1601     34    14    23    0.9 +  0.3  (  0.4)     68  (  0.3)       3                0.7      4     18  55
   511    1210   4000     57    67    16    4.7 +  0.7  (  1.9)     64  (  4.0)      20                6.0      5     69  26
   513     160   1600     19    67    13    0.5 +  0.1  (  0.2)     50  (  0.4)       2                0.6      5     69  26
   515     260   1602     38    67    20    1.1 +  0.3  (  0.5)     67  (  0.9)       5                1.4      5     69  26
   521     430   2000    102    14   141    4.3 + 12.5  (  6.1)    183  (  2.1)      23                8.2      5     33  51
   525     230   1602     51    14    33    1.6 +  0.5  (  0.8)     87  (  0.5)       5                1.3      5     33  63
   531     643   4000     41    69    23    3.7 +  0.4  (  1.5)     69  (  2.4)      12                3.8      5     69  13
   533     198   1600     32    70    24    1.1 +  0.2  (  0.5)     68  (  0.7)       3                1.2      5     69  13
   535      49   1601     13    91    17    0.2 +  0.1  (  0.1)     61  (  0.1)       1                0.2      5     69  13
   541     200   2000     47    14    39    1.7 +  0.4  (  0.8)     92  (  0.5)       5                1.3      5     33  51
   543     280   1600     83    14    63    2.6 +  2.2  (  1.8)    121  (  0.9)       9                2.7      5     33  51
   545     310   1602     45    14    19    1.3 +  0.4  (  0.6)     64  (  0.5)       5                1.1      5     20  63
0  TOTAL          TOTAL       MEAN         TOTAL    TOTAL    TOTAL       TOTAL        PENALTY       TOTAL
  DISTANCE         TIME    JOURNEY       UNIFORM   RANDOM+    COST        COST          FOR       PERFORMANCE
 TRAVELLED        SPENT      SPEED         DELAY   OVERSAT     OF          OF          EXCESS       INDEX
                                                    DELAY    DELAY       STOPS         QUEUES
 (PCU-KM/H)     (PCU-H/H)    (KM/H)     (PCU-H/H)(PCU-H/H)   ($/H)       ($/H)         ($/H)        ($/H)
0  6757.6         228.4       29.6         54.6     69.7    (  44.8) + (   35.6)  +  (   0.0)   =      80.4      TOTALS
.
0     90 SECOND CYCLE  40 STEPS
0************************************************************************************************************************************
0                                  CRUISE               DELAY               STOPS              TOTALS
                               LITRES PER HOUR     LITRES PER HOUR     LITRES PER HOUR     LITRES PER HOUR
0FUEL CONSUMPTION PREDICTIONS       528.8         +     143.0         +     210.9         =     882.8
0
 NO. OF ENTRIES TO SUBPT  =    1
 NO. OF LINKS RECALCULATED=   34
.
0     90 SECOND CYCLE  40 STEPS
0INTERMEDIATE SETTINGS - INCREMENTS SO FAR :-   13
  - (SECONDS)
 
     3       3      58      28      44
     4       3      55      12      38
     5       4       0      12      52      65
0  TOTAL          TOTAL       MEAN         TOTAL    TOTAL    TOTAL       TOTAL        PENALTY       TOTAL
  DISTANCE         TIME    JOURNEY       UNIFORM   RANDOM+    COST        COST          FOR       PERFORMANCE
 TRAVELLED        SPENT      SPEED         DELAY   OVERSAT     OF          OF          EXCESS       INDEX
                                                    DELAY    DELAY       STOPS         QUEUES
 (PCU-KM/H)     (PCU-H/H)    (KM/H)     (PCU-H/H)(PCU-H/H)   ($/H)       ($/H)         ($/H)        ($/H)
0  6757.6         227.6       29.7         53.8     69.7    (  44.5) + (   33.6)  +  (   0.0)   =      78.1      TOTALS
0
 NO. OF ENTRIES TO SUBPT  =    9
 NO. OF LINKS RECALCULATED=  183
.
0     90 SECOND CYCLE  40 STEPS
0INTERMEDIATE SETTINGS - INCREMENTS SO FAR :-   13  36
  - (SECONDS)
 
     3       3      58      28      44
     4       3      55      12      38
     5       4       0      12      52      65
0  TOTAL          TOTAL       MEAN         TOTAL    TOTAL    TOTAL       TOTAL        PENALTY       TOTAL
  DISTANCE         TIME    JOURNEY       UNIFORM   RANDOM+    COST        COST          FOR       PERFORMANCE
 TRAVELLED        SPENT      SPEED         DELAY   OVERSAT     OF          OF          EXCESS       INDEX
                                                    DELAY    DELAY       STOPS         QUEUES
 (PCU-KM/H)     (PCU-H/H)    (KM/H)     (PCU-H/H)(PCU-H/H)   ($/H)       ($/H)         ($/H)        ($/H)
0  6757.6         227.6       29.7         53.8     69.7    (  44.5) + (   33.6)  +  (   0.0)   =      78.1      TOTALS
0
 NO. OF ENTRIES TO SUBPT  =    7
 NO. OF LINKS RECALCULATED=  156
.
0     90 SECOND CYCLE  40 STEPS
0INTERMEDIATE SETTINGS - INCREMENTS SO FAR :-   13  36  -1
  - (SECONDS)
 
     3       3      61      29      44
     4       3      61      12      38
     5       4       1      12      49      61
0  TOTAL          TOTAL       MEAN         TOTAL    TOTAL    TOTAL       TOTAL        PENALTY       TOTAL
  DISTANCE         TIME    JOURNEY       UNIFORM   RANDOM+    COST        COST          FOR       PERFORMANCE
 TRAVELLED        SPENT      SPEED         DELAY   OVERSAT     OF          OF          EXCESS       INDEX
                                                    DELAY    DELAY       STOPS         QUEUES
 (PCU-KM/H)     (PCU-H/H)    (KM/H)     (PCU-H/H)(PCU-H/H)   ($/H)       ($/H)         ($/H)        ($/H)
0  6757.6         182.1       37.1         54.2     23.9    (  28.1) + (   32.8)  +  (   0.0)   =      60.9      TOTALS
0
 NO. OF ENTRIES TO SUBPT  =   33
 NO. OF LINKS RECALCULATED=  560
.
0     90 SECOND CYCLE  40 STEPS
0INTERMEDIATE SETTINGS - INCREMENTS SO FAR :-   13  36  -1  13
  - (SECONDS)
 
     3       3      61      29      44
     4       3      61      12      38
     5       4       1      12      49      61
0  TOTAL          TOTAL       MEAN         TOTAL    TOTAL    TOTAL       TOTAL        PENALTY       TOTAL
  DISTANCE         TIME    JOURNEY       UNIFORM   RANDOM+    COST        COST          FOR       PERFORMANCE
 TRAVELLED        SPENT      SPEED         DELAY   OVERSAT     OF          OF          EXCESS       INDEX
                                                    DELAY    DELAY       STOPS         QUEUES
 (PCU-KM/H)     (PCU-H/H)    (KM/H)     (PCU-H/H)(PCU-H/H)   ($/H)       ($/H)         ($/H)        ($/H)
0  6757.6         182.1       37.1         54.2     23.9    (  28.1) + (   32.8)  +  (   0.0)   =      60.9      TOTALS
0
 NO. OF ENTRIES TO SUBPT  =    7
 NO. OF LINKS RECALCULATED=  161
.
0     90 SECOND CYCLE  40 STEPS
0INTERMEDIATE SETTINGS - INCREMENTS SO FAR :-   13  36  -1  13  36
  - (SECONDS)
 
     3       3      61      29      44
     4       3      61      12      38
     5       4       1      12      49      61
0  TOTAL          TOTAL       MEAN         TOTAL    TOTAL    TOTAL       TOTAL        PENALTY       TOTAL
  DISTANCE         TIME    JOURNEY       UNIFORM   RANDOM+    COST        COST          FOR       PERFORMANCE
 TRAVELLED        SPENT      SPEED         DELAY   OVERSAT     OF          OF          EXCESS       INDEX
                                                    DELAY    DELAY       STOPS         QUEUES
 (PCU-KM/H)     (PCU-H/H)    (KM/H)     (PCU-H/H)(PCU-H/H)   ($/H)       ($/H)         ($/H)        ($/H)
0  6757.6         182.1       37.1         54.2     23.9    (  28.1) + (   32.8)  +  (   0.0)   =      60.9      TOTALS
0
 NO. OF ENTRIES TO SUBPT  =    7
 NO. OF LINKS RECALCULATED=  162
.
0     90 SECOND CYCLE  40 STEPS
0INTERMEDIATE SETTINGS - INCREMENTS SO FAR :-   13  36  -1  13  36   1
  - (SECONDS)
 
     3       3      60      28      43
     4       3      61      12      38
     5       4       5      16      53      65
0  TOTAL          TOTAL       MEAN         TOTAL    TOTAL    TOTAL       TOTAL        PENALTY       TOTAL
  DISTANCE         TIME    JOURNEY       UNIFORM   RANDOM+    COST        COST          FOR       PERFORMANCE
 TRAVELLED        SPENT      SPEED         DELAY   OVERSAT     OF          OF          EXCESS       INDEX
                                                    DELAY    DELAY       STOPS         QUEUES
 (PCU-KM/H)     (PCU-H/H)    (KM/H)     (PCU-H/H)(PCU-H/H)   ($/H)       ($/H)         ($/H)        ($/H)
0  6757.6         182.1       37.1         54.1     23.9    (  28.1) + (   32.5)  +  (   0.0)   =      60.6      TOTALS
0
 NO. OF ENTRIES TO SUBPT  =   11
 NO. OF LINKS RECALCULATED=  232
.
0     90 SECOND CYCLE  40 STEPS
0INTERMEDIATE SETTINGS - INCREMENTS SO FAR :-   13  36  -1  13  36   1  -1
  - (SECONDS)
 
     3       3      61      28      43
     4       3      61      12      27
     5       4       5      16      53      65
0  TOTAL          TOTAL       MEAN         TOTAL    TOTAL    TOTAL       TOTAL        PENALTY       TOTAL
  DISTANCE         TIME    JOURNEY       UNIFORM   RANDOM+    COST        COST          FOR       PERFORMANCE
 TRAVELLED        SPENT      SPEED         DELAY   OVERSAT     OF          OF          EXCESS       INDEX
                                                    DELAY    DELAY       STOPS         QUEUES
 (PCU-KM/H)     (PCU-H/H)    (KM/H)     (PCU-H/H)(PCU-H/H)   ($/H)       ($/H)         ($/H)        ($/H)
0  6757.6         181.3       37.3         54.3     23.0    (  27.8) + (   32.6)  +  (   0.0)   =      60.4      TOTALS
0
 NO. OF ENTRIES TO SUBPT  =   29
 NO. OF LINKS RECALCULATED=  485
.
0     90 SECOND CYCLE  40 STEPS
0FINAL SETTINGS OBTAINED WITH INCREMENTS :-   13  36  -1  13  36   1  -1   1
  - (SECONDS)
0  NODE   NUMBER   STAGE   STAGE   STAGE   STAGE   STAGE  STAGE   STAGE
    NO   OF STAGES   1       2       3       4       5       6       7
 
     3       3      61      28      43
     4       3      61      12      27
     5       4       5      16      53      65
0 LINK    FLOW   SAT   DEGREE  MEAN TIMES  -------DELAY--------   ----STOPS----   ----QUEUE----  PERFORMANCE   EXIT   GREEN TIMES
 NUMBER   INTO   FLOW    OF     PER PCU    UNIFORM RANDOM+ COST    MEAN   COST    MEAN             INDEX.      NODE   START  START
          LINK          SAT    CRUISE              OVERSAT  OF    STOPS    OF     MAX.  AVERAGE  WEIGHTED SUM            END     END
                                    DELAY  (U+R+O=MEAN Q) DELAY    /PCU   STOPS          EXCESS  OF ( ) VALUES         1ST     2ND
        (PCU/H) (PCU/H)  (%)  (SEC) (SEC)    (PCU-H/H)    ($/H)    (%)    ($/H)    (PCU)  (PCU)     ($/H)               (SECONDS)
 
   311    1350   4000     58    19    12    3.6 +  0.7  (  1.6)     49  (  3.5)      17                5.0      3     67  28
   313     930   1800     89    18    22    1.8 +  4.0  (  2.1)     69  (  3.4)      18                5.5      3     67  28
   315      99   1600     56    18    50    0.8 +  0.6  (  0.5)    119  (  0.6)       3                1.1      3     34  43
   321      80   2000     28    14    43    0.8 +  0.2  (  0.3)     95  (  0.2)       2                0.5      3     49  61
   323      10   1600      4    14    41    0.1 +  0.0  (  0.0)     90  (  0.0)       0                0.1      3     49  61
   325     250   2000     82    14    67    2.5 +  2.2  (  1.7)    123  (  0.8)       8                2.5      3     49  65
   331     400   4000     17    10    10    1.0 +  0.1  (  0.4)     44  (  0.9)       5                1.3      3     67  28
   333      50   1600      5    14    10    0.1 +  0.0  (  0.1)     43  (  0.1)       1                0.1      3     67  28
   335      20   1600     11    14    48    0.2 +  0.1  (  0.1)     99  (  0.1)       1                0.1      3     34  43
   341      60   2000     21    14    42    0.6 +  0.1  (  0.3)     92  (  0.1)       1                0.4      3     49  61
   343     100   1600     23    14    30    0.7 +  0.1  (  0.3)     79  (  0.2)       2                0.5      3     37  61
   345     220   2000     79    14    65    2.2 +  1.8  (  1.4)    122  (  0.7)       7                2.2      3     49  64
   411    1130   4000     77    67    28    7.1 +  1.7  (  3.2)     75  (  4.5)      23                7.6      4     70  12
   413      49   1600      8    66    23    0.3 +  0.0  (  0.1)     54  (  0.1)       1                0.3      4     70  12
   415     149   1601     31    68    26    0.9 +  0.2  (  0.4)     65  (  0.5)       3                0.9      4     70  12
   421     700   1600     89    14    41    4.1 +  3.9  (  2.9)    105  (  2.0)      19                4.8      4     18  61
   425     150   2000     22    14    18    0.6 +  0.1  (  0.3)     60  (  0.2)       2                0.5      4     18  61
   431     400   4000     27    19    12    1.1 +  0.2  (  0.5)     40  (  0.8)       4                1.3      4     70  12
   433      70   1600     12    18    18    0.3 +  0.1  (  0.1)     48  (  0.2)       1                0.3      4     70  12
   435      70   1601     21    18    21    0.3 +  0.1  (  0.1)     43  (  0.2)       1                0.3      4     70  12
   441     260   2000     27    14    16    1.0 +  0.2  (  0.4)     57  (  0.4)       4                0.8      4     18  61
   443     250   1600     32    14    17    1.0 +  0.2  (  0.4)     60  (  0.4)       4                0.8      4     18  61
   445     180   1601     29    14    18    0.7 +  0.2  (  0.3)     60  (  0.3)       3                0.6      4     18  61
   511    1210   4000     62    67    19    5.7 +  0.8  (  2.3)     71  (  4.5)      23                6.8      5     22  65
   513     160   1600     20    67    16    0.6 +  0.1  (  0.3)     55  (  0.5)       2                0.7      5     22  65
   515     260   1602     43    67    23    1.3 +  0.4  (  0.6)     72  (  1.0)       5                1.6      5     22  65
   521     430   2000     81    14    48    3.7 +  2.0  (  2.0)    106  (  1.2)      12                3.3      5     72   5
   525     230   1602     44    14    28    1.4 +  0.4  (  0.6)     80  (  0.5)       5                1.1      5     72  16
   531     650   4000     46    69    23    3.7 +  0.4  (  1.5)     65  (  2.2)      11                3.7      5     22  53
   533     200   1600     35    70    24    1.1 +  0.3  (  0.5)     67  (  0.7)       3                1.2      5     22  53
   535      50   1601     16    91    41    0.5 +  0.1  (  0.2)     98  (  0.1)       1                0.3      5     22  53
   541     200   2000     38    14    32    1.5 +  0.3  (  0.6)     83  (  0.4)       4                1.1      5     72   5
   543     280   1600     66    14    41    2.3 +  0.9  (  1.2)     97  (  0.7)       7                1.9      5     72   5
   545     310   1602     42    14    17    1.1 +  0.4  (  0.5)     59  (  0.5)       5                1.0      5     60  16
0  TOTAL          TOTAL       MEAN         TOTAL    TOTAL    TOTAL       TOTAL        PENALTY       TOTAL
  DISTANCE         TIME    JOURNEY       UNIFORM   RANDOM+    COST        COST          FOR       PERFORMANCE
 TRAVELLED        SPENT      SPEED         DELAY   OVERSAT     OF          OF          EXCESS       INDEX
                                                    DELAY    DELAY       STOPS         QUEUES
 (PCU-KM/H)     (PCU-H/H)    (KM/H)     (PCU-H/H)(PCU-H/H)   ($/H)       ($/H)         ($/H)        ($/H)
0  6757.6         181.3       37.3         54.3     23.0    (  27.8) + (   32.6)  +  (   0.0)   =      60.4      TOTALS
.
0     90 SECOND CYCLE  40 STEPS
0************************************************************************************************************************************
0                                  CRUISE               DELAY               STOPS              TOTALS
                               LITRES PER HOUR     LITRES PER HOUR     LITRES PER HOUR     LITRES PER HOUR
0FUEL CONSUMPTION PREDICTIONS       528.8         +      88.9         +     193.2         =     810.9
0
 NO. OF ENTRIES TO SUBPT  =    7
 NO. OF LINKS RECALCULATED=  162
 
 PROGRAM TRANSYT FINISHED
